[  0%] Built target intera_core_msgs_generate_messages_py
[  0%] Built target actionlib_msgs_generate_messages_py
[  0%] Built target std_msgs_generate_messages_py
[  0%] Built target _intera_motion_msgs_generate_messages_check_deps_WaypointSimple
[  0%] Built target _intera_motion_msgs_generate_messages_check_deps_MotionCommandActionFeedback
[  0%] Built target _intera_motion_msgs_generate_messages_check_deps_WaypointOptions
[  0%] Built target _intera_motion_msgs_generate_messages_check_deps_JointTrackingError
[  0%] Built target _intera_motion_msgs_generate_messages_check_deps_MotionCommandAction
[  0%] Built target _intera_motion_msgs_generate_messages_check_deps_MotionCommandActionResult
[  0%] Built target _intera_motion_msgs_generate_messages_check_deps_MotionCommandFeedback
[  0%] Built target _intera_motion_msgs_generate_messages_check_deps_Waypoint
[  0%] Built target _intera_motion_msgs_generate_messages_check_deps_InterpolatedPath
[  0%] Built target _intera_motion_msgs_generate_messages_check_deps_EndpointTrackingError
[  0%] Built target _intera_motion_msgs_generate_messages_check_deps_MotionStatus
[  0%] Built target _intera_motion_msgs_generate_messages_check_deps_Trajectory
[  0%] Built target _intera_motion_msgs_generate_messages_check_deps_TrackingOptions
[  0%] Built target geometry_msgs_generate_messages_py
[  0%] Built target _intera_motion_msgs_generate_messages_check_deps_MotionCommandActionGoal
[  0%] Built target intera_core_msgs_generate_messages_cpp
[  0%] Built target _intera_motion_msgs_generate_messages_check_deps_TrajectoryAnalysis
[  0%] Built target _intera_motion_msgs_generate_messages_check_deps_TrajectoryOptions
[  0%] Built target geometry_msgs_generate_messages_cpp
[  0%] Built target _intera_motion_msgs_generate_messages_check_deps_MotionCommandGoal
[  0%] Built target _intera_motion_msgs_generate_messages_check_deps_MotionCommandResult
[  0%] Built target actionlib_msgs_generate_messages_cpp
[  0%] Built target std_msgs_generate_messages_cpp
[  0%] Built target geometry_msgs_generate_messages_nodejs
[  0%] Built target std_msgs_generate_messages_nodejs
[  0%] Built target intera_core_msgs_generate_messages_nodejs
[  0%] Built target intera_core_msgs_generate_messages_lisp
[  0%] Built target actionlib_msgs_generate_messages_nodejs
[  0%] Built target std_msgs_generate_messages_lisp
[  0%] Built target actionlib_msgs_generate_messages_lisp
[  0%] Built target geometry_msgs_generate_messages_lisp
[  0%] Built target intera_core_msgs_generate_messages_eus
[  0%] Built target geometry_msgs_generate_messages_eus
[  0%] Built target actionlib_msgs_generate_messages_eus
[  0%] Built target std_msgs_generate_messages_eus
[ 20%] Built target intera_motion_msgs_generate_messages_py
[ 40%] Built target intera_motion_msgs_generate_messages_lisp
[ 59%] Built target intera_motion_msgs_generate_messages_cpp
[ 79%] Built target intera_motion_msgs_generate_messages_nodejs
[100%] Built target intera_motion_msgs_generate_messages_eus
[100%] Built target intera_motion_msgs_generate_messages
