Linked: (/home/airlab5/ben_ws/devel/.private/intera_motion_msgs/share/roseus/ros/intera_motion_msgs/manifest.l, /home/airlab5/ben_ws/devel/share/roseus/ros/intera_motion_msgs/manifest.l)
Linked: (/home/airlab5/ben_ws/devel/.private/intera_motion_msgs/share/roseus/ros/intera_motion_msgs/msg/MotionCommandActionResult.l, /home/airlab5/ben_ws/devel/share/roseus/ros/intera_motion_msgs/msg/MotionCommandActionResult.l)
Linked: (/home/airlab5/ben_ws/devel/.private/intera_motion_msgs/share/roseus/ros/intera_motion_msgs/msg/TrajectoryOptions.l, /home/airlab5/ben_ws/devel/share/roseus/ros/intera_motion_msgs/msg/TrajectoryOptions.l)
Linked: (/home/airlab5/ben_ws/devel/.private/intera_motion_msgs/share/roseus/ros/intera_motion_msgs/msg/Waypoint.l, /home/airlab5/ben_ws/devel/share/roseus/ros/intera_motion_msgs/msg/Waypoint.l)
Linked: (/home/airlab5/ben_ws/devel/.private/intera_motion_msgs/share/roseus/ros/intera_motion_msgs/msg/WaypointSimple.l, /home/airlab5/ben_ws/devel/share/roseus/ros/intera_motion_msgs/msg/WaypointSimple.l)
Linked: (/home/airlab5/ben_ws/devel/.private/intera_motion_msgs/share/roseus/ros/intera_motion_msgs/msg/MotionCommandAction.l, /home/airlab5/ben_ws/devel/share/roseus/ros/intera_motion_msgs/msg/MotionCommandAction.l)
Linked: (/home/airlab5/ben_ws/devel/.private/intera_motion_msgs/share/roseus/ros/intera_motion_msgs/msg/Trajectory.l, /home/airlab5/ben_ws/devel/share/roseus/ros/intera_motion_msgs/msg/Trajectory.l)
Linked: (/home/airlab5/ben_ws/devel/.private/intera_motion_msgs/share/roseus/ros/intera_motion_msgs/msg/MotionCommandActionGoal.l, /home/airlab5/ben_ws/devel/share/roseus/ros/intera_motion_msgs/msg/MotionCommandActionGoal.l)
Linked: (/home/airlab5/ben_ws/devel/.private/intera_motion_msgs/share/roseus/ros/intera_motion_msgs/msg/TrajectoryAnalysis.l, /home/airlab5/ben_ws/devel/share/roseus/ros/intera_motion_msgs/msg/TrajectoryAnalysis.l)
Linked: (/home/airlab5/ben_ws/devel/.private/intera_motion_msgs/share/roseus/ros/intera_motion_msgs/msg/MotionCommandFeedback.l, /home/airlab5/ben_ws/devel/share/roseus/ros/intera_motion_msgs/msg/MotionCommandFeedback.l)
Linked: (/home/airlab5/ben_ws/devel/.private/intera_motion_msgs/share/roseus/ros/intera_motion_msgs/msg/MotionCommandActionFeedback.l, /home/airlab5/ben_ws/devel/share/roseus/ros/intera_motion_msgs/msg/MotionCommandActionFeedback.l)
Linked: (/home/airlab5/ben_ws/devel/.private/intera_motion_msgs/share/roseus/ros/intera_motion_msgs/msg/WaypointOptions.l, /home/airlab5/ben_ws/devel/share/roseus/ros/intera_motion_msgs/msg/WaypointOptions.l)
Linked: (/home/airlab5/ben_ws/devel/.private/intera_motion_msgs/share/roseus/ros/intera_motion_msgs/msg/MotionCommandResult.l, /home/airlab5/ben_ws/devel/share/roseus/ros/intera_motion_msgs/msg/MotionCommandResult.l)
Linked: (/home/airlab5/ben_ws/devel/.private/intera_motion_msgs/share/roseus/ros/intera_motion_msgs/msg/JointTrackingError.l, /home/airlab5/ben_ws/devel/share/roseus/ros/intera_motion_msgs/msg/JointTrackingError.l)
Linked: (/home/airlab5/ben_ws/devel/.private/intera_motion_msgs/share/roseus/ros/intera_motion_msgs/msg/InterpolatedPath.l, /home/airlab5/ben_ws/devel/share/roseus/ros/intera_motion_msgs/msg/InterpolatedPath.l)
Linked: (/home/airlab5/ben_ws/devel/.private/intera_motion_msgs/share/roseus/ros/intera_motion_msgs/msg/TrackingOptions.l, /home/airlab5/ben_ws/devel/share/roseus/ros/intera_motion_msgs/msg/TrackingOptions.l)
Linked: (/home/airlab5/ben_ws/devel/.private/intera_motion_msgs/share/roseus/ros/intera_motion_msgs/msg/MotionStatus.l, /home/airlab5/ben_ws/devel/share/roseus/ros/intera_motion_msgs/msg/MotionStatus.l)
Linked: (/home/airlab5/ben_ws/devel/.private/intera_motion_msgs/share/roseus/ros/intera_motion_msgs/msg/EndpointTrackingError.l, /home/airlab5/ben_ws/devel/share/roseus/ros/intera_motion_msgs/msg/EndpointTrackingError.l)
Linked: (/home/airlab5/ben_ws/devel/.private/intera_motion_msgs/share/roseus/ros/intera_motion_msgs/msg/MotionCommandGoal.l, /home/airlab5/ben_ws/devel/share/roseus/ros/intera_motion_msgs/msg/MotionCommandGoal.l)
Linked: (/home/airlab5/ben_ws/devel/.private/intera_motion_msgs/share/common-lisp/ros/intera_motion_msgs/msg/TrackingOptions.lisp, /home/airlab5/ben_ws/devel/share/common-lisp/ros/intera_motion_msgs/msg/TrackingOptions.lisp)
Linked: (/home/airlab5/ben_ws/devel/.private/intera_motion_msgs/share/common-lisp/ros/intera_motion_msgs/msg/Waypoint.lisp, /home/airlab5/ben_ws/devel/share/common-lisp/ros/intera_motion_msgs/msg/Waypoint.lisp)
Linked: (/home/airlab5/ben_ws/devel/.private/intera_motion_msgs/share/common-lisp/ros/intera_motion_msgs/msg/InterpolatedPath.lisp, /home/airlab5/ben_ws/devel/share/common-lisp/ros/intera_motion_msgs/msg/InterpolatedPath.lisp)
Linked: (/home/airlab5/ben_ws/devel/.private/intera_motion_msgs/share/common-lisp/ros/intera_motion_msgs/msg/MotionCommandAction.lisp, /home/airlab5/ben_ws/devel/share/common-lisp/ros/intera_motion_msgs/msg/MotionCommandAction.lisp)
Linked: (/home/airlab5/ben_ws/devel/.private/intera_motion_msgs/share/common-lisp/ros/intera_motion_msgs/msg/_package_JointTrackingError.lisp, /home/airlab5/ben_ws/devel/share/common-lisp/ros/intera_motion_msgs/msg/_package_JointTrackingError.lisp)
Linked: (/home/airlab5/ben_ws/devel/.private/intera_motion_msgs/share/common-lisp/ros/intera_motion_msgs/msg/_package_Waypoint.lisp, /home/airlab5/ben_ws/devel/share/common-lisp/ros/intera_motion_msgs/msg/_package_Waypoint.lisp)
Linked: (/home/airlab5/ben_ws/devel/.private/intera_motion_msgs/share/common-lisp/ros/intera_motion_msgs/msg/MotionCommandActionGoal.lisp, /home/airlab5/ben_ws/devel/share/common-lisp/ros/intera_motion_msgs/msg/MotionCommandActionGoal.lisp)
Linked: (/home/airlab5/ben_ws/devel/.private/intera_motion_msgs/share/common-lisp/ros/intera_motion_msgs/msg/MotionCommandGoal.lisp, /home/airlab5/ben_ws/devel/share/common-lisp/ros/intera_motion_msgs/msg/MotionCommandGoal.lisp)
Linked: (/home/airlab5/ben_ws/devel/.private/intera_motion_msgs/share/common-lisp/ros/intera_motion_msgs/msg/_package_Trajectory.lisp, /home/airlab5/ben_ws/devel/share/common-lisp/ros/intera_motion_msgs/msg/_package_Trajectory.lisp)
Linked: (/home/airlab5/ben_ws/devel/.private/intera_motion_msgs/share/common-lisp/ros/intera_motion_msgs/msg/MotionCommandActionResult.lisp, /home/airlab5/ben_ws/devel/share/common-lisp/ros/intera_motion_msgs/msg/MotionCommandActionResult.lisp)
Linked: (/home/airlab5/ben_ws/devel/.private/intera_motion_msgs/share/common-lisp/ros/intera_motion_msgs/msg/_package_MotionCommandGoal.lisp, /home/airlab5/ben_ws/devel/share/common-lisp/ros/intera_motion_msgs/msg/_package_MotionCommandGoal.lisp)
Linked: (/home/airlab5/ben_ws/devel/.private/intera_motion_msgs/share/common-lisp/ros/intera_motion_msgs/msg/_package_TrajectoryAnalysis.lisp, /home/airlab5/ben_ws/devel/share/common-lisp/ros/intera_motion_msgs/msg/_package_TrajectoryAnalysis.lisp)
Linked: (/home/airlab5/ben_ws/devel/.private/intera_motion_msgs/share/common-lisp/ros/intera_motion_msgs/msg/_package_InterpolatedPath.lisp, /home/airlab5/ben_ws/devel/share/common-lisp/ros/intera_motion_msgs/msg/_package_InterpolatedPath.lisp)
Linked: (/home/airlab5/ben_ws/devel/.private/intera_motion_msgs/share/common-lisp/ros/intera_motion_msgs/msg/_package_TrackingOptions.lisp, /home/airlab5/ben_ws/devel/share/common-lisp/ros/intera_motion_msgs/msg/_package_TrackingOptions.lisp)
Linked: (/home/airlab5/ben_ws/devel/.private/intera_motion_msgs/share/common-lisp/ros/intera_motion_msgs/msg/WaypointOptions.lisp, /home/airlab5/ben_ws/devel/share/common-lisp/ros/intera_motion_msgs/msg/WaypointOptions.lisp)
Linked: (/home/airlab5/ben_ws/devel/.private/intera_motion_msgs/share/common-lisp/ros/intera_motion_msgs/msg/_package_TrajectoryOptions.lisp, /home/airlab5/ben_ws/devel/share/common-lisp/ros/intera_motion_msgs/msg/_package_TrajectoryOptions.lisp)
Linked: (/home/airlab5/ben_ws/devel/.private/intera_motion_msgs/share/common-lisp/ros/intera_motion_msgs/msg/JointTrackingError.lisp, /home/airlab5/ben_ws/devel/share/common-lisp/ros/intera_motion_msgs/msg/JointTrackingError.lisp)
Linked: (/home/airlab5/ben_ws/devel/.private/intera_motion_msgs/share/common-lisp/ros/intera_motion_msgs/msg/_package_MotionCommandActionFeedback.lisp, /home/airlab5/ben_ws/devel/share/common-lisp/ros/intera_motion_msgs/msg/_package_MotionCommandActionFeedback.lisp)
Linked: (/home/airlab5/ben_ws/devel/.private/intera_motion_msgs/share/common-lisp/ros/intera_motion_msgs/msg/_package_MotionCommandFeedback.lisp, /home/airlab5/ben_ws/devel/share/common-lisp/ros/intera_motion_msgs/msg/_package_MotionCommandFeedback.lisp)
Linked: (/home/airlab5/ben_ws/devel/.private/intera_motion_msgs/share/common-lisp/ros/intera_motion_msgs/msg/intera_motion_msgs-msg.asd, /home/airlab5/ben_ws/devel/share/common-lisp/ros/intera_motion_msgs/msg/intera_motion_msgs-msg.asd)
Linked: (/home/airlab5/ben_ws/devel/.private/intera_motion_msgs/share/common-lisp/ros/intera_motion_msgs/msg/_package_WaypointOptions.lisp, /home/airlab5/ben_ws/devel/share/common-lisp/ros/intera_motion_msgs/msg/_package_WaypointOptions.lisp)
Linked: (/home/airlab5/ben_ws/devel/.private/intera_motion_msgs/share/common-lisp/ros/intera_motion_msgs/msg/_package_MotionCommandResult.lisp, /home/airlab5/ben_ws/devel/share/common-lisp/ros/intera_motion_msgs/msg/_package_MotionCommandResult.lisp)
Linked: (/home/airlab5/ben_ws/devel/.private/intera_motion_msgs/share/common-lisp/ros/intera_motion_msgs/msg/MotionCommandResult.lisp, /home/airlab5/ben_ws/devel/share/common-lisp/ros/intera_motion_msgs/msg/MotionCommandResult.lisp)
Linked: (/home/airlab5/ben_ws/devel/.private/intera_motion_msgs/share/common-lisp/ros/intera_motion_msgs/msg/_package_WaypointSimple.lisp, /home/airlab5/ben_ws/devel/share/common-lisp/ros/intera_motion_msgs/msg/_package_WaypointSimple.lisp)
Linked: (/home/airlab5/ben_ws/devel/.private/intera_motion_msgs/share/common-lisp/ros/intera_motion_msgs/msg/_package_MotionCommandActionGoal.lisp, /home/airlab5/ben_ws/devel/share/common-lisp/ros/intera_motion_msgs/msg/_package_MotionCommandActionGoal.lisp)
Linked: (/home/airlab5/ben_ws/devel/.private/intera_motion_msgs/share/common-lisp/ros/intera_motion_msgs/msg/_package_MotionCommandAction.lisp, /home/airlab5/ben_ws/devel/share/common-lisp/ros/intera_motion_msgs/msg/_package_MotionCommandAction.lisp)
Linked: (/home/airlab5/ben_ws/devel/.private/intera_motion_msgs/share/common-lisp/ros/intera_motion_msgs/msg/MotionCommandActionFeedback.lisp, /home/airlab5/ben_ws/devel/share/common-lisp/ros/intera_motion_msgs/msg/MotionCommandActionFeedback.lisp)
Linked: (/home/airlab5/ben_ws/devel/.private/intera_motion_msgs/share/common-lisp/ros/intera_motion_msgs/msg/_package_MotionCommandActionResult.lisp, /home/airlab5/ben_ws/devel/share/common-lisp/ros/intera_motion_msgs/msg/_package_MotionCommandActionResult.lisp)
Linked: (/home/airlab5/ben_ws/devel/.private/intera_motion_msgs/share/common-lisp/ros/intera_motion_msgs/msg/TrajectoryOptions.lisp, /home/airlab5/ben_ws/devel/share/common-lisp/ros/intera_motion_msgs/msg/TrajectoryOptions.lisp)
Linked: (/home/airlab5/ben_ws/devel/.private/intera_motion_msgs/share/common-lisp/ros/intera_motion_msgs/msg/WaypointSimple.lisp, /home/airlab5/ben_ws/devel/share/common-lisp/ros/intera_motion_msgs/msg/WaypointSimple.lisp)
Linked: (/home/airlab5/ben_ws/devel/.private/intera_motion_msgs/share/common-lisp/ros/intera_motion_msgs/msg/_package_EndpointTrackingError.lisp, /home/airlab5/ben_ws/devel/share/common-lisp/ros/intera_motion_msgs/msg/_package_EndpointTrackingError.lisp)
Linked: (/home/airlab5/ben_ws/devel/.private/intera_motion_msgs/share/common-lisp/ros/intera_motion_msgs/msg/TrajectoryAnalysis.lisp, /home/airlab5/ben_ws/devel/share/common-lisp/ros/intera_motion_msgs/msg/TrajectoryAnalysis.lisp)
Linked: (/home/airlab5/ben_ws/devel/.private/intera_motion_msgs/share/common-lisp/ros/intera_motion_msgs/msg/MotionStatus.lisp, /home/airlab5/ben_ws/devel/share/common-lisp/ros/intera_motion_msgs/msg/MotionStatus.lisp)
Linked: (/home/airlab5/ben_ws/devel/.private/intera_motion_msgs/share/common-lisp/ros/intera_motion_msgs/msg/_package.lisp, /home/airlab5/ben_ws/devel/share/common-lisp/ros/intera_motion_msgs/msg/_package.lisp)
Linked: (/home/airlab5/ben_ws/devel/.private/intera_motion_msgs/share/common-lisp/ros/intera_motion_msgs/msg/EndpointTrackingError.lisp, /home/airlab5/ben_ws/devel/share/common-lisp/ros/intera_motion_msgs/msg/EndpointTrackingError.lisp)
Linked: (/home/airlab5/ben_ws/devel/.private/intera_motion_msgs/share/common-lisp/ros/intera_motion_msgs/msg/Trajectory.lisp, /home/airlab5/ben_ws/devel/share/common-lisp/ros/intera_motion_msgs/msg/Trajectory.lisp)
Linked: (/home/airlab5/ben_ws/devel/.private/intera_motion_msgs/share/common-lisp/ros/intera_motion_msgs/msg/MotionCommandFeedback.lisp, /home/airlab5/ben_ws/devel/share/common-lisp/ros/intera_motion_msgs/msg/MotionCommandFeedback.lisp)
Linked: (/home/airlab5/ben_ws/devel/.private/intera_motion_msgs/share/common-lisp/ros/intera_motion_msgs/msg/_package_MotionStatus.lisp, /home/airlab5/ben_ws/devel/share/common-lisp/ros/intera_motion_msgs/msg/_package_MotionStatus.lisp)
Linked: (/home/airlab5/ben_ws/devel/.private/intera_motion_msgs/share/intera_motion_msgs/msg/MotionCommandActionGoal.msg, /home/airlab5/ben_ws/devel/share/intera_motion_msgs/msg/MotionCommandActionGoal.msg)
Linked: (/home/airlab5/ben_ws/devel/.private/intera_motion_msgs/share/intera_motion_msgs/msg/MotionCommandActionFeedback.msg, /home/airlab5/ben_ws/devel/share/intera_motion_msgs/msg/MotionCommandActionFeedback.msg)
Linked: (/home/airlab5/ben_ws/devel/.private/intera_motion_msgs/share/intera_motion_msgs/msg/MotionCommandActionResult.msg, /home/airlab5/ben_ws/devel/share/intera_motion_msgs/msg/MotionCommandActionResult.msg)
Linked: (/home/airlab5/ben_ws/devel/.private/intera_motion_msgs/share/intera_motion_msgs/msg/MotionCommandGoal.msg, /home/airlab5/ben_ws/devel/share/intera_motion_msgs/msg/MotionCommandGoal.msg)
Linked: (/home/airlab5/ben_ws/devel/.private/intera_motion_msgs/share/intera_motion_msgs/msg/MotionCommandFeedback.msg, /home/airlab5/ben_ws/devel/share/intera_motion_msgs/msg/MotionCommandFeedback.msg)
Linked: (/home/airlab5/ben_ws/devel/.private/intera_motion_msgs/share/intera_motion_msgs/msg/MotionCommandAction.msg, /home/airlab5/ben_ws/devel/share/intera_motion_msgs/msg/MotionCommandAction.msg)
Linked: (/home/airlab5/ben_ws/devel/.private/intera_motion_msgs/share/intera_motion_msgs/msg/MotionCommandResult.msg, /home/airlab5/ben_ws/devel/share/intera_motion_msgs/msg/MotionCommandResult.msg)
Linked: (/home/airlab5/ben_ws/devel/.private/intera_motion_msgs/share/intera_motion_msgs/cmake/intera_motion_msgsConfig.cmake, /home/airlab5/ben_ws/devel/share/intera_motion_msgs/cmake/intera_motion_msgsConfig.cmake)
Linked: (/home/airlab5/ben_ws/devel/.private/intera_motion_msgs/share/intera_motion_msgs/cmake/intera_motion_msgs-msg-extras.cmake, /home/airlab5/ben_ws/devel/share/intera_motion_msgs/cmake/intera_motion_msgs-msg-extras.cmake)
Linked: (/home/airlab5/ben_ws/devel/.private/intera_motion_msgs/share/intera_motion_msgs/cmake/intera_motion_msgs-msg-paths.cmake, /home/airlab5/ben_ws/devel/share/intera_motion_msgs/cmake/intera_motion_msgs-msg-paths.cmake)
Linked: (/home/airlab5/ben_ws/devel/.private/intera_motion_msgs/share/intera_motion_msgs/cmake/intera_motion_msgsConfig-version.cmake, /home/airlab5/ben_ws/devel/share/intera_motion_msgs/cmake/intera_motion_msgsConfig-version.cmake)
Linked: (/home/airlab5/ben_ws/devel/.private/intera_motion_msgs/share/gennodejs/ros/intera_motion_msgs/_index.js, /home/airlab5/ben_ws/devel/share/gennodejs/ros/intera_motion_msgs/_index.js)
Linked: (/home/airlab5/ben_ws/devel/.private/intera_motion_msgs/share/gennodejs/ros/intera_motion_msgs/msg/MotionStatus.js, /home/airlab5/ben_ws/devel/share/gennodejs/ros/intera_motion_msgs/msg/MotionStatus.js)
Linked: (/home/airlab5/ben_ws/devel/.private/intera_motion_msgs/share/gennodejs/ros/intera_motion_msgs/msg/MotionCommandActionResult.js, /home/airlab5/ben_ws/devel/share/gennodejs/ros/intera_motion_msgs/msg/MotionCommandActionResult.js)
Linked: (/home/airlab5/ben_ws/devel/.private/intera_motion_msgs/share/gennodejs/ros/intera_motion_msgs/msg/EndpointTrackingError.js, /home/airlab5/ben_ws/devel/share/gennodejs/ros/intera_motion_msgs/msg/EndpointTrackingError.js)
Linked: (/home/airlab5/ben_ws/devel/.private/intera_motion_msgs/share/gennodejs/ros/intera_motion_msgs/msg/InterpolatedPath.js, /home/airlab5/ben_ws/devel/share/gennodejs/ros/intera_motion_msgs/msg/InterpolatedPath.js)
Linked: (/home/airlab5/ben_ws/devel/.private/intera_motion_msgs/share/gennodejs/ros/intera_motion_msgs/msg/MotionCommandResult.js, /home/airlab5/ben_ws/devel/share/gennodejs/ros/intera_motion_msgs/msg/MotionCommandResult.js)
Linked: (/home/airlab5/ben_ws/devel/.private/intera_motion_msgs/share/gennodejs/ros/intera_motion_msgs/msg/TrackingOptions.js, /home/airlab5/ben_ws/devel/share/gennodejs/ros/intera_motion_msgs/msg/TrackingOptions.js)
Linked: (/home/airlab5/ben_ws/devel/.private/intera_motion_msgs/share/gennodejs/ros/intera_motion_msgs/msg/MotionCommandAction.js, /home/airlab5/ben_ws/devel/share/gennodejs/ros/intera_motion_msgs/msg/MotionCommandAction.js)
Linked: (/home/airlab5/ben_ws/devel/.private/intera_motion_msgs/share/gennodejs/ros/intera_motion_msgs/msg/WaypointOptions.js, /home/airlab5/ben_ws/devel/share/gennodejs/ros/intera_motion_msgs/msg/WaypointOptions.js)
Linked: (/home/airlab5/ben_ws/devel/.private/intera_motion_msgs/share/gennodejs/ros/intera_motion_msgs/msg/JointTrackingError.js, /home/airlab5/ben_ws/devel/share/gennodejs/ros/intera_motion_msgs/msg/JointTrackingError.js)
Linked: (/home/airlab5/ben_ws/devel/.private/intera_motion_msgs/share/gennodejs/ros/intera_motion_msgs/msg/TrajectoryAnalysis.js, /home/airlab5/ben_ws/devel/share/gennodejs/ros/intera_motion_msgs/msg/TrajectoryAnalysis.js)
Linked: (/home/airlab5/ben_ws/devel/.private/intera_motion_msgs/share/gennodejs/ros/intera_motion_msgs/msg/Waypoint.js, /home/airlab5/ben_ws/devel/share/gennodejs/ros/intera_motion_msgs/msg/Waypoint.js)
Linked: (/home/airlab5/ben_ws/devel/.private/intera_motion_msgs/share/gennodejs/ros/intera_motion_msgs/msg/MotionCommandActionFeedback.js, /home/airlab5/ben_ws/devel/share/gennodejs/ros/intera_motion_msgs/msg/MotionCommandActionFeedback.js)
Linked: (/home/airlab5/ben_ws/devel/.private/intera_motion_msgs/share/gennodejs/ros/intera_motion_msgs/msg/MotionCommandActionGoal.js, /home/airlab5/ben_ws/devel/share/gennodejs/ros/intera_motion_msgs/msg/MotionCommandActionGoal.js)
Linked: (/home/airlab5/ben_ws/devel/.private/intera_motion_msgs/share/gennodejs/ros/intera_motion_msgs/msg/MotionCommandFeedback.js, /home/airlab5/ben_ws/devel/share/gennodejs/ros/intera_motion_msgs/msg/MotionCommandFeedback.js)
Linked: (/home/airlab5/ben_ws/devel/.private/intera_motion_msgs/share/gennodejs/ros/intera_motion_msgs/msg/TrajectoryOptions.js, /home/airlab5/ben_ws/devel/share/gennodejs/ros/intera_motion_msgs/msg/TrajectoryOptions.js)
Linked: (/home/airlab5/ben_ws/devel/.private/intera_motion_msgs/share/gennodejs/ros/intera_motion_msgs/msg/_index.js, /home/airlab5/ben_ws/devel/share/gennodejs/ros/intera_motion_msgs/msg/_index.js)
Linked: (/home/airlab5/ben_ws/devel/.private/intera_motion_msgs/share/gennodejs/ros/intera_motion_msgs/msg/MotionCommandGoal.js, /home/airlab5/ben_ws/devel/share/gennodejs/ros/intera_motion_msgs/msg/MotionCommandGoal.js)
Linked: (/home/airlab5/ben_ws/devel/.private/intera_motion_msgs/share/gennodejs/ros/intera_motion_msgs/msg/WaypointSimple.js, /home/airlab5/ben_ws/devel/share/gennodejs/ros/intera_motion_msgs/msg/WaypointSimple.js)
Linked: (/home/airlab5/ben_ws/devel/.private/intera_motion_msgs/share/gennodejs/ros/intera_motion_msgs/msg/Trajectory.js, /home/airlab5/ben_ws/devel/share/gennodejs/ros/intera_motion_msgs/msg/Trajectory.js)
Linked: (/home/airlab5/ben_ws/devel/.private/intera_motion_msgs/include/intera_motion_msgs/TrajectoryOptions.h, /home/airlab5/ben_ws/devel/include/intera_motion_msgs/TrajectoryOptions.h)
Linked: (/home/airlab5/ben_ws/devel/.private/intera_motion_msgs/include/intera_motion_msgs/MotionStatus.h, /home/airlab5/ben_ws/devel/include/intera_motion_msgs/MotionStatus.h)
Linked: (/home/airlab5/ben_ws/devel/.private/intera_motion_msgs/include/intera_motion_msgs/TrackingOptions.h, /home/airlab5/ben_ws/devel/include/intera_motion_msgs/TrackingOptions.h)
Linked: (/home/airlab5/ben_ws/devel/.private/intera_motion_msgs/include/intera_motion_msgs/InterpolatedPath.h, /home/airlab5/ben_ws/devel/include/intera_motion_msgs/InterpolatedPath.h)
Linked: (/home/airlab5/ben_ws/devel/.private/intera_motion_msgs/include/intera_motion_msgs/MotionCommandFeedback.h, /home/airlab5/ben_ws/devel/include/intera_motion_msgs/MotionCommandFeedback.h)
Linked: (/home/airlab5/ben_ws/devel/.private/intera_motion_msgs/include/intera_motion_msgs/MotionCommandGoal.h, /home/airlab5/ben_ws/devel/include/intera_motion_msgs/MotionCommandGoal.h)
Linked: (/home/airlab5/ben_ws/devel/.private/intera_motion_msgs/include/intera_motion_msgs/MotionCommandActionResult.h, /home/airlab5/ben_ws/devel/include/intera_motion_msgs/MotionCommandActionResult.h)
Linked: (/home/airlab5/ben_ws/devel/.private/intera_motion_msgs/include/intera_motion_msgs/WaypointOptions.h, /home/airlab5/ben_ws/devel/include/intera_motion_msgs/WaypointOptions.h)
Linked: (/home/airlab5/ben_ws/devel/.private/intera_motion_msgs/include/intera_motion_msgs/Trajectory.h, /home/airlab5/ben_ws/devel/include/intera_motion_msgs/Trajectory.h)
Linked: (/home/airlab5/ben_ws/devel/.private/intera_motion_msgs/include/intera_motion_msgs/MotionCommandResult.h, /home/airlab5/ben_ws/devel/include/intera_motion_msgs/MotionCommandResult.h)
Linked: (/home/airlab5/ben_ws/devel/.private/intera_motion_msgs/include/intera_motion_msgs/MotionCommandAction.h, /home/airlab5/ben_ws/devel/include/intera_motion_msgs/MotionCommandAction.h)
Linked: (/home/airlab5/ben_ws/devel/.private/intera_motion_msgs/include/intera_motion_msgs/MotionCommandActionFeedback.h, /home/airlab5/ben_ws/devel/include/intera_motion_msgs/MotionCommandActionFeedback.h)
Linked: (/home/airlab5/ben_ws/devel/.private/intera_motion_msgs/include/intera_motion_msgs/EndpointTrackingError.h, /home/airlab5/ben_ws/devel/include/intera_motion_msgs/EndpointTrackingError.h)
Linked: (/home/airlab5/ben_ws/devel/.private/intera_motion_msgs/include/intera_motion_msgs/TrajectoryAnalysis.h, /home/airlab5/ben_ws/devel/include/intera_motion_msgs/TrajectoryAnalysis.h)
Linked: (/home/airlab5/ben_ws/devel/.private/intera_motion_msgs/include/intera_motion_msgs/JointTrackingError.h, /home/airlab5/ben_ws/devel/include/intera_motion_msgs/JointTrackingError.h)
Linked: (/home/airlab5/ben_ws/devel/.private/intera_motion_msgs/include/intera_motion_msgs/Waypoint.h, /home/airlab5/ben_ws/devel/include/intera_motion_msgs/Waypoint.h)
Linked: (/home/airlab5/ben_ws/devel/.private/intera_motion_msgs/include/intera_motion_msgs/WaypointSimple.h, /home/airlab5/ben_ws/devel/include/intera_motion_msgs/WaypointSimple.h)
Linked: (/home/airlab5/ben_ws/devel/.private/intera_motion_msgs/include/intera_motion_msgs/MotionCommandActionGoal.h, /home/airlab5/ben_ws/devel/include/intera_motion_msgs/MotionCommandActionGoal.h)
Linked: (/home/airlab5/ben_ws/devel/.private/intera_motion_msgs/lib/pkgconfig/intera_motion_msgs.pc, /home/airlab5/ben_ws/devel/lib/pkgconfig/intera_motion_msgs.pc)
Linked: (/home/airlab5/ben_ws/devel/.private/intera_motion_msgs/lib/python3/dist-packages/intera_motion_msgs/__init__.py, /home/airlab5/ben_ws/devel/lib/python3/dist-packages/intera_motion_msgs/__init__.py)
Linked: (/home/airlab5/ben_ws/devel/.private/intera_motion_msgs/lib/python3/dist-packages/intera_motion_msgs/msg/_WaypointSimple.py, /home/airlab5/ben_ws/devel/lib/python3/dist-packages/intera_motion_msgs/msg/_WaypointSimple.py)
Linked: (/home/airlab5/ben_ws/devel/.private/intera_motion_msgs/lib/python3/dist-packages/intera_motion_msgs/msg/_Waypoint.py, /home/airlab5/ben_ws/devel/lib/python3/dist-packages/intera_motion_msgs/msg/_Waypoint.py)
Linked: (/home/airlab5/ben_ws/devel/.private/intera_motion_msgs/lib/python3/dist-packages/intera_motion_msgs/msg/_MotionCommandAction.py, /home/airlab5/ben_ws/devel/lib/python3/dist-packages/intera_motion_msgs/msg/_MotionCommandAction.py)
Linked: (/home/airlab5/ben_ws/devel/.private/intera_motion_msgs/lib/python3/dist-packages/intera_motion_msgs/msg/_TrackingOptions.py, /home/airlab5/ben_ws/devel/lib/python3/dist-packages/intera_motion_msgs/msg/_TrackingOptions.py)
Linked: (/home/airlab5/ben_ws/devel/.private/intera_motion_msgs/lib/python3/dist-packages/intera_motion_msgs/msg/_Trajectory.py, /home/airlab5/ben_ws/devel/lib/python3/dist-packages/intera_motion_msgs/msg/_Trajectory.py)
Linked: (/home/airlab5/ben_ws/devel/.private/intera_motion_msgs/lib/python3/dist-packages/intera_motion_msgs/msg/_EndpointTrackingError.py, /home/airlab5/ben_ws/devel/lib/python3/dist-packages/intera_motion_msgs/msg/_EndpointTrackingError.py)
Linked: (/home/airlab5/ben_ws/devel/.private/intera_motion_msgs/lib/python3/dist-packages/intera_motion_msgs/msg/_WaypointOptions.py, /home/airlab5/ben_ws/devel/lib/python3/dist-packages/intera_motion_msgs/msg/_WaypointOptions.py)
Linked: (/home/airlab5/ben_ws/devel/.private/intera_motion_msgs/lib/python3/dist-packages/intera_motion_msgs/msg/_MotionStatus.py, /home/airlab5/ben_ws/devel/lib/python3/dist-packages/intera_motion_msgs/msg/_MotionStatus.py)
Linked: (/home/airlab5/ben_ws/devel/.private/intera_motion_msgs/lib/python3/dist-packages/intera_motion_msgs/msg/_TrajectoryAnalysis.py, /home/airlab5/ben_ws/devel/lib/python3/dist-packages/intera_motion_msgs/msg/_TrajectoryAnalysis.py)
Linked: (/home/airlab5/ben_ws/devel/.private/intera_motion_msgs/lib/python3/dist-packages/intera_motion_msgs/msg/_MotionCommandResult.py, /home/airlab5/ben_ws/devel/lib/python3/dist-packages/intera_motion_msgs/msg/_MotionCommandResult.py)
Linked: (/home/airlab5/ben_ws/devel/.private/intera_motion_msgs/lib/python3/dist-packages/intera_motion_msgs/msg/_MotionCommandActionResult.py, /home/airlab5/ben_ws/devel/lib/python3/dist-packages/intera_motion_msgs/msg/_MotionCommandActionResult.py)
Linked: (/home/airlab5/ben_ws/devel/.private/intera_motion_msgs/lib/python3/dist-packages/intera_motion_msgs/msg/_InterpolatedPath.py, /home/airlab5/ben_ws/devel/lib/python3/dist-packages/intera_motion_msgs/msg/_InterpolatedPath.py)
Linked: (/home/airlab5/ben_ws/devel/.private/intera_motion_msgs/lib/python3/dist-packages/intera_motion_msgs/msg/_JointTrackingError.py, /home/airlab5/ben_ws/devel/lib/python3/dist-packages/intera_motion_msgs/msg/_JointTrackingError.py)
Linked: (/home/airlab5/ben_ws/devel/.private/intera_motion_msgs/lib/python3/dist-packages/intera_motion_msgs/msg/_MotionCommandActionFeedback.py, /home/airlab5/ben_ws/devel/lib/python3/dist-packages/intera_motion_msgs/msg/_MotionCommandActionFeedback.py)
Linked: (/home/airlab5/ben_ws/devel/.private/intera_motion_msgs/lib/python3/dist-packages/intera_motion_msgs/msg/__init__.py, /home/airlab5/ben_ws/devel/lib/python3/dist-packages/intera_motion_msgs/msg/__init__.py)
Linked: (/home/airlab5/ben_ws/devel/.private/intera_motion_msgs/lib/python3/dist-packages/intera_motion_msgs/msg/_MotionCommandFeedback.py, /home/airlab5/ben_ws/devel/lib/python3/dist-packages/intera_motion_msgs/msg/_MotionCommandFeedback.py)
Linked: (/home/airlab5/ben_ws/devel/.private/intera_motion_msgs/lib/python3/dist-packages/intera_motion_msgs/msg/_MotionCommandGoal.py, /home/airlab5/ben_ws/devel/lib/python3/dist-packages/intera_motion_msgs/msg/_MotionCommandGoal.py)
Linked: (/home/airlab5/ben_ws/devel/.private/intera_motion_msgs/lib/python3/dist-packages/intera_motion_msgs/msg/_TrajectoryOptions.py, /home/airlab5/ben_ws/devel/lib/python3/dist-packages/intera_motion_msgs/msg/_TrajectoryOptions.py)
Linked: (/home/airlab5/ben_ws/devel/.private/intera_motion_msgs/lib/python3/dist-packages/intera_motion_msgs/msg/_MotionCommandActionGoal.py, /home/airlab5/ben_ws/devel/lib/python3/dist-packages/intera_motion_msgs/msg/_MotionCommandActionGoal.py)
