Linked: (/home/airlab5/ben_ws/devel/.private/intera_core_msgs/share/roseus/ros/intera_core_msgs/manifest.l, /home/airlab5/ben_ws/devel/share/roseus/ros/intera_core_msgs/manifest.l)
Linked: (/home/airlab5/ben_ws/devel/.private/intera_core_msgs/share/roseus/ros/intera_core_msgs/msg/IOComponentConfiguration.l, /home/airlab5/ben_ws/devel/share/roseus/ros/intera_core_msgs/msg/IOComponentConfiguration.l)
Linked: (/home/airlab5/ben_ws/devel/.private/intera_core_msgs/share/roseus/ros/intera_core_msgs/msg/CollisionDetectionState.l, /home/airlab5/ben_ws/devel/share/roseus/ros/intera_core_msgs/msg/CollisionDetectionState.l)
Linked: (/home/airlab5/ben_ws/devel/.private/intera_core_msgs/share/roseus/ros/intera_core_msgs/msg/IODeviceStatus.l, /home/airlab5/ben_ws/devel/share/roseus/ros/intera_core_msgs/msg/IODeviceStatus.l)
Linked: (/home/airlab5/ben_ws/devel/.private/intera_core_msgs/share/roseus/ros/intera_core_msgs/msg/DigitalOutputCommand.l, /home/airlab5/ben_ws/devel/share/roseus/ros/intera_core_msgs/msg/DigitalOutputCommand.l)
Linked: (/home/airlab5/ben_ws/devel/.private/intera_core_msgs/share/roseus/ros/intera_core_msgs/msg/AnalogIOStates.l, /home/airlab5/ben_ws/devel/share/roseus/ros/intera_core_msgs/msg/AnalogIOStates.l)
Linked: (/home/airlab5/ben_ws/devel/.private/intera_core_msgs/share/roseus/ros/intera_core_msgs/msg/CalibrationCommandGoal.l, /home/airlab5/ben_ws/devel/share/roseus/ros/intera_core_msgs/msg/CalibrationCommandGoal.l)
Linked: (/home/airlab5/ben_ws/devel/.private/intera_core_msgs/share/roseus/ros/intera_core_msgs/msg/HeadPanCommand.l, /home/airlab5/ben_ws/devel/share/roseus/ros/intera_core_msgs/msg/HeadPanCommand.l)
Linked: (/home/airlab5/ben_ws/devel/.private/intera_core_msgs/share/roseus/ros/intera_core_msgs/msg/NavigatorState.l, /home/airlab5/ben_ws/devel/share/roseus/ros/intera_core_msgs/msg/NavigatorState.l)
Linked: (/home/airlab5/ben_ws/devel/.private/intera_core_msgs/share/roseus/ros/intera_core_msgs/msg/JointLimits.l, /home/airlab5/ben_ws/devel/share/roseus/ros/intera_core_msgs/msg/JointLimits.l)
Linked: (/home/airlab5/ben_ws/devel/.private/intera_core_msgs/share/roseus/ros/intera_core_msgs/msg/EndpointNamesArray.l, /home/airlab5/ben_ws/devel/share/roseus/ros/intera_core_msgs/msg/EndpointNamesArray.l)
Linked: (/home/airlab5/ben_ws/devel/.private/intera_core_msgs/share/roseus/ros/intera_core_msgs/msg/CalibrationCommandResult.l, /home/airlab5/ben_ws/devel/share/roseus/ros/intera_core_msgs/msg/CalibrationCommandResult.l)
Linked: (/home/airlab5/ben_ws/devel/.private/intera_core_msgs/share/roseus/ros/intera_core_msgs/msg/CalibrationCommandAction.l, /home/airlab5/ben_ws/devel/share/roseus/ros/intera_core_msgs/msg/CalibrationCommandAction.l)
Linked: (/home/airlab5/ben_ws/devel/.private/intera_core_msgs/share/roseus/ros/intera_core_msgs/msg/DigitalIOState.l, /home/airlab5/ben_ws/devel/share/roseus/ros/intera_core_msgs/msg/DigitalIOState.l)
Linked: (/home/airlab5/ben_ws/devel/.private/intera_core_msgs/share/roseus/ros/intera_core_msgs/msg/DigitalIOStates.l, /home/airlab5/ben_ws/devel/share/roseus/ros/intera_core_msgs/msg/DigitalIOStates.l)
Linked: (/home/airlab5/ben_ws/devel/.private/intera_core_msgs/share/roseus/ros/intera_core_msgs/msg/CalibrationCommandActionResult.l, /home/airlab5/ben_ws/devel/share/roseus/ros/intera_core_msgs/msg/CalibrationCommandActionResult.l)
Linked: (/home/airlab5/ben_ws/devel/.private/intera_core_msgs/share/roseus/ros/intera_core_msgs/msg/HeadState.l, /home/airlab5/ben_ws/devel/share/roseus/ros/intera_core_msgs/msg/HeadState.l)
Linked: (/home/airlab5/ben_ws/devel/.private/intera_core_msgs/share/roseus/ros/intera_core_msgs/msg/IONodeConfiguration.l, /home/airlab5/ben_ws/devel/share/roseus/ros/intera_core_msgs/msg/IONodeConfiguration.l)
Linked: (/home/airlab5/ben_ws/devel/.private/intera_core_msgs/share/roseus/ros/intera_core_msgs/msg/AnalogIOState.l, /home/airlab5/ben_ws/devel/share/roseus/ros/intera_core_msgs/msg/AnalogIOState.l)
Linked: (/home/airlab5/ben_ws/devel/.private/intera_core_msgs/share/roseus/ros/intera_core_msgs/msg/EndpointState.l, /home/airlab5/ben_ws/devel/share/roseus/ros/intera_core_msgs/msg/EndpointState.l)
Linked: (/home/airlab5/ben_ws/devel/.private/intera_core_msgs/share/roseus/ros/intera_core_msgs/msg/NavigatorStates.l, /home/airlab5/ben_ws/devel/share/roseus/ros/intera_core_msgs/msg/NavigatorStates.l)
Linked: (/home/airlab5/ben_ws/devel/.private/intera_core_msgs/share/roseus/ros/intera_core_msgs/msg/IOComponentStatus.l, /home/airlab5/ben_ws/devel/share/roseus/ros/intera_core_msgs/msg/IOComponentStatus.l)
Linked: (/home/airlab5/ben_ws/devel/.private/intera_core_msgs/share/roseus/ros/intera_core_msgs/msg/CalibrationCommandFeedback.l, /home/airlab5/ben_ws/devel/share/roseus/ros/intera_core_msgs/msg/CalibrationCommandFeedback.l)
Linked: (/home/airlab5/ben_ws/devel/.private/intera_core_msgs/share/roseus/ros/intera_core_msgs/msg/HomingCommand.l, /home/airlab5/ben_ws/devel/share/roseus/ros/intera_core_msgs/msg/HomingCommand.l)
Linked: (/home/airlab5/ben_ws/devel/.private/intera_core_msgs/share/roseus/ros/intera_core_msgs/msg/RobotAssemblyState.l, /home/airlab5/ben_ws/devel/share/roseus/ros/intera_core_msgs/msg/RobotAssemblyState.l)
Linked: (/home/airlab5/ben_ws/devel/.private/intera_core_msgs/share/roseus/ros/intera_core_msgs/msg/SEAJointState.l, /home/airlab5/ben_ws/devel/share/roseus/ros/intera_core_msgs/msg/SEAJointState.l)
Linked: (/home/airlab5/ben_ws/devel/.private/intera_core_msgs/share/roseus/ros/intera_core_msgs/msg/JointCommand.l, /home/airlab5/ben_ws/devel/share/roseus/ros/intera_core_msgs/msg/JointCommand.l)
Linked: (/home/airlab5/ben_ws/devel/.private/intera_core_msgs/share/roseus/ros/intera_core_msgs/msg/CalibrationCommandActionGoal.l, /home/airlab5/ben_ws/devel/share/roseus/ros/intera_core_msgs/msg/CalibrationCommandActionGoal.l)
Linked: (/home/airlab5/ben_ws/devel/.private/intera_core_msgs/share/roseus/ros/intera_core_msgs/msg/HomingState.l, /home/airlab5/ben_ws/devel/share/roseus/ros/intera_core_msgs/msg/HomingState.l)
Linked: (/home/airlab5/ben_ws/devel/.private/intera_core_msgs/share/roseus/ros/intera_core_msgs/msg/IONodeStatus.l, /home/airlab5/ben_ws/devel/share/roseus/ros/intera_core_msgs/msg/IONodeStatus.l)
Linked: (/home/airlab5/ben_ws/devel/.private/intera_core_msgs/share/roseus/ros/intera_core_msgs/msg/IOComponentCommand.l, /home/airlab5/ben_ws/devel/share/roseus/ros/intera_core_msgs/msg/IOComponentCommand.l)
Linked: (/home/airlab5/ben_ws/devel/.private/intera_core_msgs/share/roseus/ros/intera_core_msgs/msg/EndpointStates.l, /home/airlab5/ben_ws/devel/share/roseus/ros/intera_core_msgs/msg/EndpointStates.l)
Linked: (/home/airlab5/ben_ws/devel/.private/intera_core_msgs/share/roseus/ros/intera_core_msgs/msg/AnalogOutputCommand.l, /home/airlab5/ben_ws/devel/share/roseus/ros/intera_core_msgs/msg/AnalogOutputCommand.l)
Linked: (/home/airlab5/ben_ws/devel/.private/intera_core_msgs/share/roseus/ros/intera_core_msgs/msg/IODataStatus.l, /home/airlab5/ben_ws/devel/share/roseus/ros/intera_core_msgs/msg/IODataStatus.l)
Linked: (/home/airlab5/ben_ws/devel/.private/intera_core_msgs/share/roseus/ros/intera_core_msgs/msg/InteractionControlCommand.l, /home/airlab5/ben_ws/devel/share/roseus/ros/intera_core_msgs/msg/InteractionControlCommand.l)
Linked: (/home/airlab5/ben_ws/devel/.private/intera_core_msgs/share/roseus/ros/intera_core_msgs/msg/CameraControl.l, /home/airlab5/ben_ws/devel/share/roseus/ros/intera_core_msgs/msg/CameraControl.l)
Linked: (/home/airlab5/ben_ws/devel/.private/intera_core_msgs/share/roseus/ros/intera_core_msgs/msg/URDFConfiguration.l, /home/airlab5/ben_ws/devel/share/roseus/ros/intera_core_msgs/msg/URDFConfiguration.l)
Linked: (/home/airlab5/ben_ws/devel/.private/intera_core_msgs/share/roseus/ros/intera_core_msgs/msg/IODeviceConfiguration.l, /home/airlab5/ben_ws/devel/share/roseus/ros/intera_core_msgs/msg/IODeviceConfiguration.l)
Linked: (/home/airlab5/ben_ws/devel/.private/intera_core_msgs/share/roseus/ros/intera_core_msgs/msg/CalibrationCommandActionFeedback.l, /home/airlab5/ben_ws/devel/share/roseus/ros/intera_core_msgs/msg/CalibrationCommandActionFeedback.l)
Linked: (/home/airlab5/ben_ws/devel/.private/intera_core_msgs/share/roseus/ros/intera_core_msgs/msg/CollisionAvoidanceState.l, /home/airlab5/ben_ws/devel/share/roseus/ros/intera_core_msgs/msg/CollisionAvoidanceState.l)
Linked: (/home/airlab5/ben_ws/devel/.private/intera_core_msgs/share/roseus/ros/intera_core_msgs/msg/CameraSettings.l, /home/airlab5/ben_ws/devel/share/roseus/ros/intera_core_msgs/msg/CameraSettings.l)
Linked: (/home/airlab5/ben_ws/devel/.private/intera_core_msgs/share/roseus/ros/intera_core_msgs/msg/IOStatus.l, /home/airlab5/ben_ws/devel/share/roseus/ros/intera_core_msgs/msg/IOStatus.l)
Linked: (/home/airlab5/ben_ws/devel/.private/intera_core_msgs/share/roseus/ros/intera_core_msgs/msg/InteractionControlState.l, /home/airlab5/ben_ws/devel/share/roseus/ros/intera_core_msgs/msg/InteractionControlState.l)
Linked: (/home/airlab5/ben_ws/devel/.private/intera_core_msgs/share/roseus/ros/intera_core_msgs/srv/SolvePositionFK.l, /home/airlab5/ben_ws/devel/share/roseus/ros/intera_core_msgs/srv/SolvePositionFK.l)
Linked: (/home/airlab5/ben_ws/devel/.private/intera_core_msgs/share/roseus/ros/intera_core_msgs/srv/IOComponentCommandSrv.l, /home/airlab5/ben_ws/devel/share/roseus/ros/intera_core_msgs/srv/IOComponentCommandSrv.l)
Linked: (/home/airlab5/ben_ws/devel/.private/intera_core_msgs/share/roseus/ros/intera_core_msgs/srv/SolvePositionIK.l, /home/airlab5/ben_ws/devel/share/roseus/ros/intera_core_msgs/srv/SolvePositionIK.l)
Linked: (/home/airlab5/ben_ws/devel/.private/intera_core_msgs/share/intera_core_msgs/msg/CalibrationCommandActionFeedback.msg, /home/airlab5/ben_ws/devel/share/intera_core_msgs/msg/CalibrationCommandActionFeedback.msg)
Linked: (/home/airlab5/ben_ws/devel/.private/intera_core_msgs/share/intera_core_msgs/msg/CalibrationCommandGoal.msg, /home/airlab5/ben_ws/devel/share/intera_core_msgs/msg/CalibrationCommandGoal.msg)
Linked: (/home/airlab5/ben_ws/devel/.private/intera_core_msgs/share/intera_core_msgs/msg/CalibrationCommandActionGoal.msg, /home/airlab5/ben_ws/devel/share/intera_core_msgs/msg/CalibrationCommandActionGoal.msg)
Linked: (/home/airlab5/ben_ws/devel/.private/intera_core_msgs/share/intera_core_msgs/msg/CalibrationCommandActionResult.msg, /home/airlab5/ben_ws/devel/share/intera_core_msgs/msg/CalibrationCommandActionResult.msg)
Linked: (/home/airlab5/ben_ws/devel/.private/intera_core_msgs/share/intera_core_msgs/msg/CalibrationCommandResult.msg, /home/airlab5/ben_ws/devel/share/intera_core_msgs/msg/CalibrationCommandResult.msg)
Linked: (/home/airlab5/ben_ws/devel/.private/intera_core_msgs/share/intera_core_msgs/msg/CalibrationCommandAction.msg, /home/airlab5/ben_ws/devel/share/intera_core_msgs/msg/CalibrationCommandAction.msg)
Linked: (/home/airlab5/ben_ws/devel/.private/intera_core_msgs/share/intera_core_msgs/msg/CalibrationCommandFeedback.msg, /home/airlab5/ben_ws/devel/share/intera_core_msgs/msg/CalibrationCommandFeedback.msg)
Linked: (/home/airlab5/ben_ws/devel/.private/intera_core_msgs/share/intera_core_msgs/cmake/intera_core_msgsConfig.cmake, /home/airlab5/ben_ws/devel/share/intera_core_msgs/cmake/intera_core_msgsConfig.cmake)
Linked: (/home/airlab5/ben_ws/devel/.private/intera_core_msgs/share/intera_core_msgs/cmake/intera_core_msgs-msg-paths.cmake, /home/airlab5/ben_ws/devel/share/intera_core_msgs/cmake/intera_core_msgs-msg-paths.cmake)
Linked: (/home/airlab5/ben_ws/devel/.private/intera_core_msgs/share/intera_core_msgs/cmake/intera_core_msgs-msg-extras.cmake, /home/airlab5/ben_ws/devel/share/intera_core_msgs/cmake/intera_core_msgs-msg-extras.cmake)
Linked: (/home/airlab5/ben_ws/devel/.private/intera_core_msgs/share/intera_core_msgs/cmake/intera_core_msgsConfig-version.cmake, /home/airlab5/ben_ws/devel/share/intera_core_msgs/cmake/intera_core_msgsConfig-version.cmake)
Linked: (/home/airlab5/ben_ws/devel/.private/intera_core_msgs/share/common-lisp/ros/intera_core_msgs/msg/SEAJointState.lisp, /home/airlab5/ben_ws/devel/share/common-lisp/ros/intera_core_msgs/msg/SEAJointState.lisp)
Linked: (/home/airlab5/ben_ws/devel/.private/intera_core_msgs/share/common-lisp/ros/intera_core_msgs/msg/NavigatorState.lisp, /home/airlab5/ben_ws/devel/share/common-lisp/ros/intera_core_msgs/msg/NavigatorState.lisp)
Linked: (/home/airlab5/ben_ws/devel/.private/intera_core_msgs/share/common-lisp/ros/intera_core_msgs/msg/DigitalIOState.lisp, /home/airlab5/ben_ws/devel/share/common-lisp/ros/intera_core_msgs/msg/DigitalIOState.lisp)
Linked: (/home/airlab5/ben_ws/devel/.private/intera_core_msgs/share/common-lisp/ros/intera_core_msgs/msg/_package_CalibrationCommandActionFeedback.lisp, /home/airlab5/ben_ws/devel/share/common-lisp/ros/intera_core_msgs/msg/_package_CalibrationCommandActionFeedback.lisp)
Linked: (/home/airlab5/ben_ws/devel/.private/intera_core_msgs/share/common-lisp/ros/intera_core_msgs/msg/IONodeStatus.lisp, /home/airlab5/ben_ws/devel/share/common-lisp/ros/intera_core_msgs/msg/IONodeStatus.lisp)
Linked: (/home/airlab5/ben_ws/devel/.private/intera_core_msgs/share/common-lisp/ros/intera_core_msgs/msg/CalibrationCommandResult.lisp, /home/airlab5/ben_ws/devel/share/common-lisp/ros/intera_core_msgs/msg/CalibrationCommandResult.lisp)
Linked: (/home/airlab5/ben_ws/devel/.private/intera_core_msgs/share/common-lisp/ros/intera_core_msgs/msg/_package_NavigatorState.lisp, /home/airlab5/ben_ws/devel/share/common-lisp/ros/intera_core_msgs/msg/_package_NavigatorState.lisp)
Linked: (/home/airlab5/ben_ws/devel/.private/intera_core_msgs/share/common-lisp/ros/intera_core_msgs/msg/_package_SEAJointState.lisp, /home/airlab5/ben_ws/devel/share/common-lisp/ros/intera_core_msgs/msg/_package_SEAJointState.lisp)
Linked: (/home/airlab5/ben_ws/devel/.private/intera_core_msgs/share/common-lisp/ros/intera_core_msgs/msg/IODeviceConfiguration.lisp, /home/airlab5/ben_ws/devel/share/common-lisp/ros/intera_core_msgs/msg/IODeviceConfiguration.lisp)
Linked: (/home/airlab5/ben_ws/devel/.private/intera_core_msgs/share/common-lisp/ros/intera_core_msgs/msg/JointLimits.lisp, /home/airlab5/ben_ws/devel/share/common-lisp/ros/intera_core_msgs/msg/JointLimits.lisp)
Linked: (/home/airlab5/ben_ws/devel/.private/intera_core_msgs/share/common-lisp/ros/intera_core_msgs/msg/_package_CalibrationCommandFeedback.lisp, /home/airlab5/ben_ws/devel/share/common-lisp/ros/intera_core_msgs/msg/_package_CalibrationCommandFeedback.lisp)
Linked: (/home/airlab5/ben_ws/devel/.private/intera_core_msgs/share/common-lisp/ros/intera_core_msgs/msg/_package_CollisionAvoidanceState.lisp, /home/airlab5/ben_ws/devel/share/common-lisp/ros/intera_core_msgs/msg/_package_CollisionAvoidanceState.lisp)
Linked: (/home/airlab5/ben_ws/devel/.private/intera_core_msgs/share/common-lisp/ros/intera_core_msgs/msg/IOComponentConfiguration.lisp, /home/airlab5/ben_ws/devel/share/common-lisp/ros/intera_core_msgs/msg/IOComponentConfiguration.lisp)
Linked: (/home/airlab5/ben_ws/devel/.private/intera_core_msgs/share/common-lisp/ros/intera_core_msgs/msg/CollisionAvoidanceState.lisp, /home/airlab5/ben_ws/devel/share/common-lisp/ros/intera_core_msgs/msg/CollisionAvoidanceState.lisp)
Linked: (/home/airlab5/ben_ws/devel/.private/intera_core_msgs/share/common-lisp/ros/intera_core_msgs/msg/_package_IODataStatus.lisp, /home/airlab5/ben_ws/devel/share/common-lisp/ros/intera_core_msgs/msg/_package_IODataStatus.lisp)
Linked: (/home/airlab5/ben_ws/devel/.private/intera_core_msgs/share/common-lisp/ros/intera_core_msgs/msg/_package_InteractionControlCommand.lisp, /home/airlab5/ben_ws/devel/share/common-lisp/ros/intera_core_msgs/msg/_package_InteractionControlCommand.lisp)
Linked: (/home/airlab5/ben_ws/devel/.private/intera_core_msgs/share/common-lisp/ros/intera_core_msgs/msg/CalibrationCommandGoal.lisp, /home/airlab5/ben_ws/devel/share/common-lisp/ros/intera_core_msgs/msg/CalibrationCommandGoal.lisp)
Linked: (/home/airlab5/ben_ws/devel/.private/intera_core_msgs/share/common-lisp/ros/intera_core_msgs/msg/_package_IOComponentStatus.lisp, /home/airlab5/ben_ws/devel/share/common-lisp/ros/intera_core_msgs/msg/_package_IOComponentStatus.lisp)
Linked: (/home/airlab5/ben_ws/devel/.private/intera_core_msgs/share/common-lisp/ros/intera_core_msgs/msg/_package_IOComponentCommand.lisp, /home/airlab5/ben_ws/devel/share/common-lisp/ros/intera_core_msgs/msg/_package_IOComponentCommand.lisp)
Linked: (/home/airlab5/ben_ws/devel/.private/intera_core_msgs/share/common-lisp/ros/intera_core_msgs/msg/_package_CalibrationCommandActionGoal.lisp, /home/airlab5/ben_ws/devel/share/common-lisp/ros/intera_core_msgs/msg/_package_CalibrationCommandActionGoal.lisp)
Linked: (/home/airlab5/ben_ws/devel/.private/intera_core_msgs/share/common-lisp/ros/intera_core_msgs/msg/CameraSettings.lisp, /home/airlab5/ben_ws/devel/share/common-lisp/ros/intera_core_msgs/msg/CameraSettings.lisp)
Linked: (/home/airlab5/ben_ws/devel/.private/intera_core_msgs/share/common-lisp/ros/intera_core_msgs/msg/InteractionControlCommand.lisp, /home/airlab5/ben_ws/devel/share/common-lisp/ros/intera_core_msgs/msg/InteractionControlCommand.lisp)
Linked: (/home/airlab5/ben_ws/devel/.private/intera_core_msgs/share/common-lisp/ros/intera_core_msgs/msg/_package_HomingState.lisp, /home/airlab5/ben_ws/devel/share/common-lisp/ros/intera_core_msgs/msg/_package_HomingState.lisp)
Linked: (/home/airlab5/ben_ws/devel/.private/intera_core_msgs/share/common-lisp/ros/intera_core_msgs/msg/AnalogIOStates.lisp, /home/airlab5/ben_ws/devel/share/common-lisp/ros/intera_core_msgs/msg/AnalogIOStates.lisp)
Linked: (/home/airlab5/ben_ws/devel/.private/intera_core_msgs/share/common-lisp/ros/intera_core_msgs/msg/HeadPanCommand.lisp, /home/airlab5/ben_ws/devel/share/common-lisp/ros/intera_core_msgs/msg/HeadPanCommand.lisp)
Linked: (/home/airlab5/ben_ws/devel/.private/intera_core_msgs/share/common-lisp/ros/intera_core_msgs/msg/_package_JointCommand.lisp, /home/airlab5/ben_ws/devel/share/common-lisp/ros/intera_core_msgs/msg/_package_JointCommand.lisp)
Linked: (/home/airlab5/ben_ws/devel/.private/intera_core_msgs/share/common-lisp/ros/intera_core_msgs/msg/_package_InteractionControlState.lisp, /home/airlab5/ben_ws/devel/share/common-lisp/ros/intera_core_msgs/msg/_package_InteractionControlState.lisp)
Linked: (/home/airlab5/ben_ws/devel/.private/intera_core_msgs/share/common-lisp/ros/intera_core_msgs/msg/AnalogOutputCommand.lisp, /home/airlab5/ben_ws/devel/share/common-lisp/ros/intera_core_msgs/msg/AnalogOutputCommand.lisp)
Linked: (/home/airlab5/ben_ws/devel/.private/intera_core_msgs/share/common-lisp/ros/intera_core_msgs/msg/_package_IODeviceConfiguration.lisp, /home/airlab5/ben_ws/devel/share/common-lisp/ros/intera_core_msgs/msg/_package_IODeviceConfiguration.lisp)
Linked: (/home/airlab5/ben_ws/devel/.private/intera_core_msgs/share/common-lisp/ros/intera_core_msgs/msg/_package_HeadPanCommand.lisp, /home/airlab5/ben_ws/devel/share/common-lisp/ros/intera_core_msgs/msg/_package_HeadPanCommand.lisp)
Linked: (/home/airlab5/ben_ws/devel/.private/intera_core_msgs/share/common-lisp/ros/intera_core_msgs/msg/IODataStatus.lisp, /home/airlab5/ben_ws/devel/share/common-lisp/ros/intera_core_msgs/msg/IODataStatus.lisp)
Linked: (/home/airlab5/ben_ws/devel/.private/intera_core_msgs/share/common-lisp/ros/intera_core_msgs/msg/_package_EndpointState.lisp, /home/airlab5/ben_ws/devel/share/common-lisp/ros/intera_core_msgs/msg/_package_EndpointState.lisp)
Linked: (/home/airlab5/ben_ws/devel/.private/intera_core_msgs/share/common-lisp/ros/intera_core_msgs/msg/IOComponentStatus.lisp, /home/airlab5/ben_ws/devel/share/common-lisp/ros/intera_core_msgs/msg/IOComponentStatus.lisp)
Linked: (/home/airlab5/ben_ws/devel/.private/intera_core_msgs/share/common-lisp/ros/intera_core_msgs/msg/CameraControl.lisp, /home/airlab5/ben_ws/devel/share/common-lisp/ros/intera_core_msgs/msg/CameraControl.lisp)
Linked: (/home/airlab5/ben_ws/devel/.private/intera_core_msgs/share/common-lisp/ros/intera_core_msgs/msg/_package_AnalogIOStates.lisp, /home/airlab5/ben_ws/devel/share/common-lisp/ros/intera_core_msgs/msg/_package_AnalogIOStates.lisp)
Linked: (/home/airlab5/ben_ws/devel/.private/intera_core_msgs/share/common-lisp/ros/intera_core_msgs/msg/IODeviceStatus.lisp, /home/airlab5/ben_ws/devel/share/common-lisp/ros/intera_core_msgs/msg/IODeviceStatus.lisp)
Linked: (/home/airlab5/ben_ws/devel/.private/intera_core_msgs/share/common-lisp/ros/intera_core_msgs/msg/_package_IOComponentConfiguration.lisp, /home/airlab5/ben_ws/devel/share/common-lisp/ros/intera_core_msgs/msg/_package_IOComponentConfiguration.lisp)
Linked: (/home/airlab5/ben_ws/devel/.private/intera_core_msgs/share/common-lisp/ros/intera_core_msgs/msg/CalibrationCommandActionFeedback.lisp, /home/airlab5/ben_ws/devel/share/common-lisp/ros/intera_core_msgs/msg/CalibrationCommandActionFeedback.lisp)
Linked: (/home/airlab5/ben_ws/devel/.private/intera_core_msgs/share/common-lisp/ros/intera_core_msgs/msg/CalibrationCommandActionResult.lisp, /home/airlab5/ben_ws/devel/share/common-lisp/ros/intera_core_msgs/msg/CalibrationCommandActionResult.lisp)
Linked: (/home/airlab5/ben_ws/devel/.private/intera_core_msgs/share/common-lisp/ros/intera_core_msgs/msg/_package_EndpointStates.lisp, /home/airlab5/ben_ws/devel/share/common-lisp/ros/intera_core_msgs/msg/_package_EndpointStates.lisp)
Linked: (/home/airlab5/ben_ws/devel/.private/intera_core_msgs/share/common-lisp/ros/intera_core_msgs/msg/RobotAssemblyState.lisp, /home/airlab5/ben_ws/devel/share/common-lisp/ros/intera_core_msgs/msg/RobotAssemblyState.lisp)
Linked: (/home/airlab5/ben_ws/devel/.private/intera_core_msgs/share/common-lisp/ros/intera_core_msgs/msg/_package_IOStatus.lisp, /home/airlab5/ben_ws/devel/share/common-lisp/ros/intera_core_msgs/msg/_package_IOStatus.lisp)
Linked: (/home/airlab5/ben_ws/devel/.private/intera_core_msgs/share/common-lisp/ros/intera_core_msgs/msg/_package_CalibrationCommandResult.lisp, /home/airlab5/ben_ws/devel/share/common-lisp/ros/intera_core_msgs/msg/_package_CalibrationCommandResult.lisp)
Linked: (/home/airlab5/ben_ws/devel/.private/intera_core_msgs/share/common-lisp/ros/intera_core_msgs/msg/HomingState.lisp, /home/airlab5/ben_ws/devel/share/common-lisp/ros/intera_core_msgs/msg/HomingState.lisp)
Linked: (/home/airlab5/ben_ws/devel/.private/intera_core_msgs/share/common-lisp/ros/intera_core_msgs/msg/_package_HeadState.lisp, /home/airlab5/ben_ws/devel/share/common-lisp/ros/intera_core_msgs/msg/_package_HeadState.lisp)
Linked: (/home/airlab5/ben_ws/devel/.private/intera_core_msgs/share/common-lisp/ros/intera_core_msgs/msg/_package_URDFConfiguration.lisp, /home/airlab5/ben_ws/devel/share/common-lisp/ros/intera_core_msgs/msg/_package_URDFConfiguration.lisp)
Linked: (/home/airlab5/ben_ws/devel/.private/intera_core_msgs/share/common-lisp/ros/intera_core_msgs/msg/CalibrationCommandAction.lisp, /home/airlab5/ben_ws/devel/share/common-lisp/ros/intera_core_msgs/msg/CalibrationCommandAction.lisp)
Linked: (/home/airlab5/ben_ws/devel/.private/intera_core_msgs/share/common-lisp/ros/intera_core_msgs/msg/URDFConfiguration.lisp, /home/airlab5/ben_ws/devel/share/common-lisp/ros/intera_core_msgs/msg/URDFConfiguration.lisp)
Linked: (/home/airlab5/ben_ws/devel/.private/intera_core_msgs/share/common-lisp/ros/intera_core_msgs/msg/_package_RobotAssemblyState.lisp, /home/airlab5/ben_ws/devel/share/common-lisp/ros/intera_core_msgs/msg/_package_RobotAssemblyState.lisp)
Linked: (/home/airlab5/ben_ws/devel/.private/intera_core_msgs/share/common-lisp/ros/intera_core_msgs/msg/HeadState.lisp, /home/airlab5/ben_ws/devel/share/common-lisp/ros/intera_core_msgs/msg/HeadState.lisp)
Linked: (/home/airlab5/ben_ws/devel/.private/intera_core_msgs/share/common-lisp/ros/intera_core_msgs/msg/InteractionControlState.lisp, /home/airlab5/ben_ws/devel/share/common-lisp/ros/intera_core_msgs/msg/InteractionControlState.lisp)
Linked: (/home/airlab5/ben_ws/devel/.private/intera_core_msgs/share/common-lisp/ros/intera_core_msgs/msg/_package_JointLimits.lisp, /home/airlab5/ben_ws/devel/share/common-lisp/ros/intera_core_msgs/msg/_package_JointLimits.lisp)
Linked: (/home/airlab5/ben_ws/devel/.private/intera_core_msgs/share/common-lisp/ros/intera_core_msgs/msg/_package_IONodeConfiguration.lisp, /home/airlab5/ben_ws/devel/share/common-lisp/ros/intera_core_msgs/msg/_package_IONodeConfiguration.lisp)
Linked: (/home/airlab5/ben_ws/devel/.private/intera_core_msgs/share/common-lisp/ros/intera_core_msgs/msg/_package_HomingCommand.lisp, /home/airlab5/ben_ws/devel/share/common-lisp/ros/intera_core_msgs/msg/_package_HomingCommand.lisp)
Linked: (/home/airlab5/ben_ws/devel/.private/intera_core_msgs/share/common-lisp/ros/intera_core_msgs/msg/EndpointNamesArray.lisp, /home/airlab5/ben_ws/devel/share/common-lisp/ros/intera_core_msgs/msg/EndpointNamesArray.lisp)
Linked: (/home/airlab5/ben_ws/devel/.private/intera_core_msgs/share/common-lisp/ros/intera_core_msgs/msg/JointCommand.lisp, /home/airlab5/ben_ws/devel/share/common-lisp/ros/intera_core_msgs/msg/JointCommand.lisp)
Linked: (/home/airlab5/ben_ws/devel/.private/intera_core_msgs/share/common-lisp/ros/intera_core_msgs/msg/HomingCommand.lisp, /home/airlab5/ben_ws/devel/share/common-lisp/ros/intera_core_msgs/msg/HomingCommand.lisp)
Linked: (/home/airlab5/ben_ws/devel/.private/intera_core_msgs/share/common-lisp/ros/intera_core_msgs/msg/_package_CalibrationCommandGoal.lisp, /home/airlab5/ben_ws/devel/share/common-lisp/ros/intera_core_msgs/msg/_package_CalibrationCommandGoal.lisp)
Linked: (/home/airlab5/ben_ws/devel/.private/intera_core_msgs/share/common-lisp/ros/intera_core_msgs/msg/_package_AnalogOutputCommand.lisp, /home/airlab5/ben_ws/devel/share/common-lisp/ros/intera_core_msgs/msg/_package_AnalogOutputCommand.lisp)
Linked: (/home/airlab5/ben_ws/devel/.private/intera_core_msgs/share/common-lisp/ros/intera_core_msgs/msg/_package_IODeviceStatus.lisp, /home/airlab5/ben_ws/devel/share/common-lisp/ros/intera_core_msgs/msg/_package_IODeviceStatus.lisp)
Linked: (/home/airlab5/ben_ws/devel/.private/intera_core_msgs/share/common-lisp/ros/intera_core_msgs/msg/IOStatus.lisp, /home/airlab5/ben_ws/devel/share/common-lisp/ros/intera_core_msgs/msg/IOStatus.lisp)
Linked: (/home/airlab5/ben_ws/devel/.private/intera_core_msgs/share/common-lisp/ros/intera_core_msgs/msg/_package_DigitalIOStates.lisp, /home/airlab5/ben_ws/devel/share/common-lisp/ros/intera_core_msgs/msg/_package_DigitalIOStates.lisp)
Linked: (/home/airlab5/ben_ws/devel/.private/intera_core_msgs/share/common-lisp/ros/intera_core_msgs/msg/DigitalIOStates.lisp, /home/airlab5/ben_ws/devel/share/common-lisp/ros/intera_core_msgs/msg/DigitalIOStates.lisp)
Linked: (/home/airlab5/ben_ws/devel/.private/intera_core_msgs/share/common-lisp/ros/intera_core_msgs/msg/_package_DigitalOutputCommand.lisp, /home/airlab5/ben_ws/devel/share/common-lisp/ros/intera_core_msgs/msg/_package_DigitalOutputCommand.lisp)
Linked: (/home/airlab5/ben_ws/devel/.private/intera_core_msgs/share/common-lisp/ros/intera_core_msgs/msg/IONodeConfiguration.lisp, /home/airlab5/ben_ws/devel/share/common-lisp/ros/intera_core_msgs/msg/IONodeConfiguration.lisp)
Linked: (/home/airlab5/ben_ws/devel/.private/intera_core_msgs/share/common-lisp/ros/intera_core_msgs/msg/_package_CameraSettings.lisp, /home/airlab5/ben_ws/devel/share/common-lisp/ros/intera_core_msgs/msg/_package_CameraSettings.lisp)
Linked: (/home/airlab5/ben_ws/devel/.private/intera_core_msgs/share/common-lisp/ros/intera_core_msgs/msg/CalibrationCommandFeedback.lisp, /home/airlab5/ben_ws/devel/share/common-lisp/ros/intera_core_msgs/msg/CalibrationCommandFeedback.lisp)
Linked: (/home/airlab5/ben_ws/devel/.private/intera_core_msgs/share/common-lisp/ros/intera_core_msgs/msg/CollisionDetectionState.lisp, /home/airlab5/ben_ws/devel/share/common-lisp/ros/intera_core_msgs/msg/CollisionDetectionState.lisp)
Linked: (/home/airlab5/ben_ws/devel/.private/intera_core_msgs/share/common-lisp/ros/intera_core_msgs/msg/_package_CalibrationCommandAction.lisp, /home/airlab5/ben_ws/devel/share/common-lisp/ros/intera_core_msgs/msg/_package_CalibrationCommandAction.lisp)
Linked: (/home/airlab5/ben_ws/devel/.private/intera_core_msgs/share/common-lisp/ros/intera_core_msgs/msg/_package_NavigatorStates.lisp, /home/airlab5/ben_ws/devel/share/common-lisp/ros/intera_core_msgs/msg/_package_NavigatorStates.lisp)
Linked: (/home/airlab5/ben_ws/devel/.private/intera_core_msgs/share/common-lisp/ros/intera_core_msgs/msg/_package_DigitalIOState.lisp, /home/airlab5/ben_ws/devel/share/common-lisp/ros/intera_core_msgs/msg/_package_DigitalIOState.lisp)
Linked: (/home/airlab5/ben_ws/devel/.private/intera_core_msgs/share/common-lisp/ros/intera_core_msgs/msg/NavigatorStates.lisp, /home/airlab5/ben_ws/devel/share/common-lisp/ros/intera_core_msgs/msg/NavigatorStates.lisp)
Linked: (/home/airlab5/ben_ws/devel/.private/intera_core_msgs/share/common-lisp/ros/intera_core_msgs/msg/_package_IONodeStatus.lisp, /home/airlab5/ben_ws/devel/share/common-lisp/ros/intera_core_msgs/msg/_package_IONodeStatus.lisp)
Linked: (/home/airlab5/ben_ws/devel/.private/intera_core_msgs/share/common-lisp/ros/intera_core_msgs/msg/DigitalOutputCommand.lisp, /home/airlab5/ben_ws/devel/share/common-lisp/ros/intera_core_msgs/msg/DigitalOutputCommand.lisp)
Linked: (/home/airlab5/ben_ws/devel/.private/intera_core_msgs/share/common-lisp/ros/intera_core_msgs/msg/AnalogIOState.lisp, /home/airlab5/ben_ws/devel/share/common-lisp/ros/intera_core_msgs/msg/AnalogIOState.lisp)
Linked: (/home/airlab5/ben_ws/devel/.private/intera_core_msgs/share/common-lisp/ros/intera_core_msgs/msg/_package.lisp, /home/airlab5/ben_ws/devel/share/common-lisp/ros/intera_core_msgs/msg/_package.lisp)
Linked: (/home/airlab5/ben_ws/devel/.private/intera_core_msgs/share/common-lisp/ros/intera_core_msgs/msg/intera_core_msgs-msg.asd, /home/airlab5/ben_ws/devel/share/common-lisp/ros/intera_core_msgs/msg/intera_core_msgs-msg.asd)
Linked: (/home/airlab5/ben_ws/devel/.private/intera_core_msgs/share/common-lisp/ros/intera_core_msgs/msg/EndpointStates.lisp, /home/airlab5/ben_ws/devel/share/common-lisp/ros/intera_core_msgs/msg/EndpointStates.lisp)
Linked: (/home/airlab5/ben_ws/devel/.private/intera_core_msgs/share/common-lisp/ros/intera_core_msgs/msg/_package_AnalogIOState.lisp, /home/airlab5/ben_ws/devel/share/common-lisp/ros/intera_core_msgs/msg/_package_AnalogIOState.lisp)
Linked: (/home/airlab5/ben_ws/devel/.private/intera_core_msgs/share/common-lisp/ros/intera_core_msgs/msg/_package_CalibrationCommandActionResult.lisp, /home/airlab5/ben_ws/devel/share/common-lisp/ros/intera_core_msgs/msg/_package_CalibrationCommandActionResult.lisp)
Linked: (/home/airlab5/ben_ws/devel/.private/intera_core_msgs/share/common-lisp/ros/intera_core_msgs/msg/_package_CollisionDetectionState.lisp, /home/airlab5/ben_ws/devel/share/common-lisp/ros/intera_core_msgs/msg/_package_CollisionDetectionState.lisp)
Linked: (/home/airlab5/ben_ws/devel/.private/intera_core_msgs/share/common-lisp/ros/intera_core_msgs/msg/_package_EndpointNamesArray.lisp, /home/airlab5/ben_ws/devel/share/common-lisp/ros/intera_core_msgs/msg/_package_EndpointNamesArray.lisp)
Linked: (/home/airlab5/ben_ws/devel/.private/intera_core_msgs/share/common-lisp/ros/intera_core_msgs/msg/_package_CameraControl.lisp, /home/airlab5/ben_ws/devel/share/common-lisp/ros/intera_core_msgs/msg/_package_CameraControl.lisp)
Linked: (/home/airlab5/ben_ws/devel/.private/intera_core_msgs/share/common-lisp/ros/intera_core_msgs/msg/IOComponentCommand.lisp, /home/airlab5/ben_ws/devel/share/common-lisp/ros/intera_core_msgs/msg/IOComponentCommand.lisp)
Linked: (/home/airlab5/ben_ws/devel/.private/intera_core_msgs/share/common-lisp/ros/intera_core_msgs/msg/EndpointState.lisp, /home/airlab5/ben_ws/devel/share/common-lisp/ros/intera_core_msgs/msg/EndpointState.lisp)
Linked: (/home/airlab5/ben_ws/devel/.private/intera_core_msgs/share/common-lisp/ros/intera_core_msgs/msg/CalibrationCommandActionGoal.lisp, /home/airlab5/ben_ws/devel/share/common-lisp/ros/intera_core_msgs/msg/CalibrationCommandActionGoal.lisp)
Linked: (/home/airlab5/ben_ws/devel/.private/intera_core_msgs/share/common-lisp/ros/intera_core_msgs/srv/intera_core_msgs-srv.asd, /home/airlab5/ben_ws/devel/share/common-lisp/ros/intera_core_msgs/srv/intera_core_msgs-srv.asd)
Linked: (/home/airlab5/ben_ws/devel/.private/intera_core_msgs/share/common-lisp/ros/intera_core_msgs/srv/SolvePositionIK.lisp, /home/airlab5/ben_ws/devel/share/common-lisp/ros/intera_core_msgs/srv/SolvePositionIK.lisp)
Linked: (/home/airlab5/ben_ws/devel/.private/intera_core_msgs/share/common-lisp/ros/intera_core_msgs/srv/_package_SolvePositionFK.lisp, /home/airlab5/ben_ws/devel/share/common-lisp/ros/intera_core_msgs/srv/_package_SolvePositionFK.lisp)
Linked: (/home/airlab5/ben_ws/devel/.private/intera_core_msgs/share/common-lisp/ros/intera_core_msgs/srv/_package_IOComponentCommandSrv.lisp, /home/airlab5/ben_ws/devel/share/common-lisp/ros/intera_core_msgs/srv/_package_IOComponentCommandSrv.lisp)
Linked: (/home/airlab5/ben_ws/devel/.private/intera_core_msgs/share/common-lisp/ros/intera_core_msgs/srv/SolvePositionFK.lisp, /home/airlab5/ben_ws/devel/share/common-lisp/ros/intera_core_msgs/srv/SolvePositionFK.lisp)
Linked: (/home/airlab5/ben_ws/devel/.private/intera_core_msgs/share/common-lisp/ros/intera_core_msgs/srv/IOComponentCommandSrv.lisp, /home/airlab5/ben_ws/devel/share/common-lisp/ros/intera_core_msgs/srv/IOComponentCommandSrv.lisp)
Linked: (/home/airlab5/ben_ws/devel/.private/intera_core_msgs/share/common-lisp/ros/intera_core_msgs/srv/_package.lisp, /home/airlab5/ben_ws/devel/share/common-lisp/ros/intera_core_msgs/srv/_package.lisp)
Linked: (/home/airlab5/ben_ws/devel/.private/intera_core_msgs/share/common-lisp/ros/intera_core_msgs/srv/_package_SolvePositionIK.lisp, /home/airlab5/ben_ws/devel/share/common-lisp/ros/intera_core_msgs/srv/_package_SolvePositionIK.lisp)
Linked: (/home/airlab5/ben_ws/devel/.private/intera_core_msgs/share/gennodejs/ros/intera_core_msgs/_index.js, /home/airlab5/ben_ws/devel/share/gennodejs/ros/intera_core_msgs/_index.js)
Linked: (/home/airlab5/ben_ws/devel/.private/intera_core_msgs/share/gennodejs/ros/intera_core_msgs/msg/IOComponentConfiguration.js, /home/airlab5/ben_ws/devel/share/gennodejs/ros/intera_core_msgs/msg/IOComponentConfiguration.js)
Linked: (/home/airlab5/ben_ws/devel/.private/intera_core_msgs/share/gennodejs/ros/intera_core_msgs/msg/CalibrationCommandActionGoal.js, /home/airlab5/ben_ws/devel/share/gennodejs/ros/intera_core_msgs/msg/CalibrationCommandActionGoal.js)
Linked: (/home/airlab5/ben_ws/devel/.private/intera_core_msgs/share/gennodejs/ros/intera_core_msgs/msg/CollisionAvoidanceState.js, /home/airlab5/ben_ws/devel/share/gennodejs/ros/intera_core_msgs/msg/CollisionAvoidanceState.js)
Linked: (/home/airlab5/ben_ws/devel/.private/intera_core_msgs/share/gennodejs/ros/intera_core_msgs/msg/CalibrationCommandResult.js, /home/airlab5/ben_ws/devel/share/gennodejs/ros/intera_core_msgs/msg/CalibrationCommandResult.js)
Linked: (/home/airlab5/ben_ws/devel/.private/intera_core_msgs/share/gennodejs/ros/intera_core_msgs/msg/JointLimits.js, /home/airlab5/ben_ws/devel/share/gennodejs/ros/intera_core_msgs/msg/JointLimits.js)
Linked: (/home/airlab5/ben_ws/devel/.private/intera_core_msgs/share/gennodejs/ros/intera_core_msgs/msg/SEAJointState.js, /home/airlab5/ben_ws/devel/share/gennodejs/ros/intera_core_msgs/msg/SEAJointState.js)
Linked: (/home/airlab5/ben_ws/devel/.private/intera_core_msgs/share/gennodejs/ros/intera_core_msgs/msg/URDFConfiguration.js, /home/airlab5/ben_ws/devel/share/gennodejs/ros/intera_core_msgs/msg/URDFConfiguration.js)
Linked: (/home/airlab5/ben_ws/devel/.private/intera_core_msgs/share/gennodejs/ros/intera_core_msgs/msg/AnalogIOState.js, /home/airlab5/ben_ws/devel/share/gennodejs/ros/intera_core_msgs/msg/AnalogIOState.js)
Linked: (/home/airlab5/ben_ws/devel/.private/intera_core_msgs/share/gennodejs/ros/intera_core_msgs/msg/EndpointStates.js, /home/airlab5/ben_ws/devel/share/gennodejs/ros/intera_core_msgs/msg/EndpointStates.js)
Linked: (/home/airlab5/ben_ws/devel/.private/intera_core_msgs/share/gennodejs/ros/intera_core_msgs/msg/CalibrationCommandActionFeedback.js, /home/airlab5/ben_ws/devel/share/gennodejs/ros/intera_core_msgs/msg/CalibrationCommandActionFeedback.js)
Linked: (/home/airlab5/ben_ws/devel/.private/intera_core_msgs/share/gennodejs/ros/intera_core_msgs/msg/CalibrationCommandGoal.js, /home/airlab5/ben_ws/devel/share/gennodejs/ros/intera_core_msgs/msg/CalibrationCommandGoal.js)
Linked: (/home/airlab5/ben_ws/devel/.private/intera_core_msgs/share/gennodejs/ros/intera_core_msgs/msg/IONodeStatus.js, /home/airlab5/ben_ws/devel/share/gennodejs/ros/intera_core_msgs/msg/IONodeStatus.js)
Linked: (/home/airlab5/ben_ws/devel/.private/intera_core_msgs/share/gennodejs/ros/intera_core_msgs/msg/InteractionControlCommand.js, /home/airlab5/ben_ws/devel/share/gennodejs/ros/intera_core_msgs/msg/InteractionControlCommand.js)
Linked: (/home/airlab5/ben_ws/devel/.private/intera_core_msgs/share/gennodejs/ros/intera_core_msgs/msg/DigitalIOStates.js, /home/airlab5/ben_ws/devel/share/gennodejs/ros/intera_core_msgs/msg/DigitalIOStates.js)
Linked: (/home/airlab5/ben_ws/devel/.private/intera_core_msgs/share/gennodejs/ros/intera_core_msgs/msg/CalibrationCommandAction.js, /home/airlab5/ben_ws/devel/share/gennodejs/ros/intera_core_msgs/msg/CalibrationCommandAction.js)
Linked: (/home/airlab5/ben_ws/devel/.private/intera_core_msgs/share/gennodejs/ros/intera_core_msgs/msg/IODeviceConfiguration.js, /home/airlab5/ben_ws/devel/share/gennodejs/ros/intera_core_msgs/msg/IODeviceConfiguration.js)
Linked: (/home/airlab5/ben_ws/devel/.private/intera_core_msgs/share/gennodejs/ros/intera_core_msgs/msg/DigitalIOState.js, /home/airlab5/ben_ws/devel/share/gennodejs/ros/intera_core_msgs/msg/DigitalIOState.js)
Linked: (/home/airlab5/ben_ws/devel/.private/intera_core_msgs/share/gennodejs/ros/intera_core_msgs/msg/CalibrationCommandFeedback.js, /home/airlab5/ben_ws/devel/share/gennodejs/ros/intera_core_msgs/msg/CalibrationCommandFeedback.js)
Linked: (/home/airlab5/ben_ws/devel/.private/intera_core_msgs/share/gennodejs/ros/intera_core_msgs/msg/RobotAssemblyState.js, /home/airlab5/ben_ws/devel/share/gennodejs/ros/intera_core_msgs/msg/RobotAssemblyState.js)
Linked: (/home/airlab5/ben_ws/devel/.private/intera_core_msgs/share/gennodejs/ros/intera_core_msgs/msg/HeadPanCommand.js, /home/airlab5/ben_ws/devel/share/gennodejs/ros/intera_core_msgs/msg/HeadPanCommand.js)
Linked: (/home/airlab5/ben_ws/devel/.private/intera_core_msgs/share/gennodejs/ros/intera_core_msgs/msg/HeadState.js, /home/airlab5/ben_ws/devel/share/gennodejs/ros/intera_core_msgs/msg/HeadState.js)
Linked: (/home/airlab5/ben_ws/devel/.private/intera_core_msgs/share/gennodejs/ros/intera_core_msgs/msg/HomingState.js, /home/airlab5/ben_ws/devel/share/gennodejs/ros/intera_core_msgs/msg/HomingState.js)
Linked: (/home/airlab5/ben_ws/devel/.private/intera_core_msgs/share/gennodejs/ros/intera_core_msgs/msg/AnalogOutputCommand.js, /home/airlab5/ben_ws/devel/share/gennodejs/ros/intera_core_msgs/msg/AnalogOutputCommand.js)
Linked: (/home/airlab5/ben_ws/devel/.private/intera_core_msgs/share/gennodejs/ros/intera_core_msgs/msg/DigitalOutputCommand.js, /home/airlab5/ben_ws/devel/share/gennodejs/ros/intera_core_msgs/msg/DigitalOutputCommand.js)
Linked: (/home/airlab5/ben_ws/devel/.private/intera_core_msgs/share/gennodejs/ros/intera_core_msgs/msg/_index.js, /home/airlab5/ben_ws/devel/share/gennodejs/ros/intera_core_msgs/msg/_index.js)
Linked: (/home/airlab5/ben_ws/devel/.private/intera_core_msgs/share/gennodejs/ros/intera_core_msgs/msg/CameraControl.js, /home/airlab5/ben_ws/devel/share/gennodejs/ros/intera_core_msgs/msg/CameraControl.js)
Linked: (/home/airlab5/ben_ws/devel/.private/intera_core_msgs/share/gennodejs/ros/intera_core_msgs/msg/IOStatus.js, /home/airlab5/ben_ws/devel/share/gennodejs/ros/intera_core_msgs/msg/IOStatus.js)
Linked: (/home/airlab5/ben_ws/devel/.private/intera_core_msgs/share/gennodejs/ros/intera_core_msgs/msg/CollisionDetectionState.js, /home/airlab5/ben_ws/devel/share/gennodejs/ros/intera_core_msgs/msg/CollisionDetectionState.js)
Linked: (/home/airlab5/ben_ws/devel/.private/intera_core_msgs/share/gennodejs/ros/intera_core_msgs/msg/CameraSettings.js, /home/airlab5/ben_ws/devel/share/gennodejs/ros/intera_core_msgs/msg/CameraSettings.js)
Linked: (/home/airlab5/ben_ws/devel/.private/intera_core_msgs/share/gennodejs/ros/intera_core_msgs/msg/InteractionControlState.js, /home/airlab5/ben_ws/devel/share/gennodejs/ros/intera_core_msgs/msg/InteractionControlState.js)
Linked: (/home/airlab5/ben_ws/devel/.private/intera_core_msgs/share/gennodejs/ros/intera_core_msgs/msg/IODeviceStatus.js, /home/airlab5/ben_ws/devel/share/gennodejs/ros/intera_core_msgs/msg/IODeviceStatus.js)
Linked: (/home/airlab5/ben_ws/devel/.private/intera_core_msgs/share/gennodejs/ros/intera_core_msgs/msg/IODataStatus.js, /home/airlab5/ben_ws/devel/share/gennodejs/ros/intera_core_msgs/msg/IODataStatus.js)
Linked: (/home/airlab5/ben_ws/devel/.private/intera_core_msgs/share/gennodejs/ros/intera_core_msgs/msg/EndpointNamesArray.js, /home/airlab5/ben_ws/devel/share/gennodejs/ros/intera_core_msgs/msg/EndpointNamesArray.js)
Linked: (/home/airlab5/ben_ws/devel/.private/intera_core_msgs/share/gennodejs/ros/intera_core_msgs/msg/IOComponentCommand.js, /home/airlab5/ben_ws/devel/share/gennodejs/ros/intera_core_msgs/msg/IOComponentCommand.js)
Linked: (/home/airlab5/ben_ws/devel/.private/intera_core_msgs/share/gennodejs/ros/intera_core_msgs/msg/CalibrationCommandActionResult.js, /home/airlab5/ben_ws/devel/share/gennodejs/ros/intera_core_msgs/msg/CalibrationCommandActionResult.js)
Linked: (/home/airlab5/ben_ws/devel/.private/intera_core_msgs/share/gennodejs/ros/intera_core_msgs/msg/AnalogIOStates.js, /home/airlab5/ben_ws/devel/share/gennodejs/ros/intera_core_msgs/msg/AnalogIOStates.js)
Linked: (/home/airlab5/ben_ws/devel/.private/intera_core_msgs/share/gennodejs/ros/intera_core_msgs/msg/JointCommand.js, /home/airlab5/ben_ws/devel/share/gennodejs/ros/intera_core_msgs/msg/JointCommand.js)
Linked: (/home/airlab5/ben_ws/devel/.private/intera_core_msgs/share/gennodejs/ros/intera_core_msgs/msg/NavigatorState.js, /home/airlab5/ben_ws/devel/share/gennodejs/ros/intera_core_msgs/msg/NavigatorState.js)
Linked: (/home/airlab5/ben_ws/devel/.private/intera_core_msgs/share/gennodejs/ros/intera_core_msgs/msg/IONodeConfiguration.js, /home/airlab5/ben_ws/devel/share/gennodejs/ros/intera_core_msgs/msg/IONodeConfiguration.js)
Linked: (/home/airlab5/ben_ws/devel/.private/intera_core_msgs/share/gennodejs/ros/intera_core_msgs/msg/EndpointState.js, /home/airlab5/ben_ws/devel/share/gennodejs/ros/intera_core_msgs/msg/EndpointState.js)
Linked: (/home/airlab5/ben_ws/devel/.private/intera_core_msgs/share/gennodejs/ros/intera_core_msgs/msg/HomingCommand.js, /home/airlab5/ben_ws/devel/share/gennodejs/ros/intera_core_msgs/msg/HomingCommand.js)
Linked: (/home/airlab5/ben_ws/devel/.private/intera_core_msgs/share/gennodejs/ros/intera_core_msgs/msg/NavigatorStates.js, /home/airlab5/ben_ws/devel/share/gennodejs/ros/intera_core_msgs/msg/NavigatorStates.js)
Linked: (/home/airlab5/ben_ws/devel/.private/intera_core_msgs/share/gennodejs/ros/intera_core_msgs/msg/IOComponentStatus.js, /home/airlab5/ben_ws/devel/share/gennodejs/ros/intera_core_msgs/msg/IOComponentStatus.js)
Linked: (/home/airlab5/ben_ws/devel/.private/intera_core_msgs/share/gennodejs/ros/intera_core_msgs/srv/IOComponentCommandSrv.js, /home/airlab5/ben_ws/devel/share/gennodejs/ros/intera_core_msgs/srv/IOComponentCommandSrv.js)
Linked: (/home/airlab5/ben_ws/devel/.private/intera_core_msgs/share/gennodejs/ros/intera_core_msgs/srv/_index.js, /home/airlab5/ben_ws/devel/share/gennodejs/ros/intera_core_msgs/srv/_index.js)
Linked: (/home/airlab5/ben_ws/devel/.private/intera_core_msgs/share/gennodejs/ros/intera_core_msgs/srv/SolvePositionIK.js, /home/airlab5/ben_ws/devel/share/gennodejs/ros/intera_core_msgs/srv/SolvePositionIK.js)
Linked: (/home/airlab5/ben_ws/devel/.private/intera_core_msgs/share/gennodejs/ros/intera_core_msgs/srv/SolvePositionFK.js, /home/airlab5/ben_ws/devel/share/gennodejs/ros/intera_core_msgs/srv/SolvePositionFK.js)
Linked: (/home/airlab5/ben_ws/devel/.private/intera_core_msgs/include/intera_core_msgs/SolvePositionFK.h, /home/airlab5/ben_ws/devel/include/intera_core_msgs/SolvePositionFK.h)
Linked: (/home/airlab5/ben_ws/devel/.private/intera_core_msgs/include/intera_core_msgs/SolvePositionIKResponse.h, /home/airlab5/ben_ws/devel/include/intera_core_msgs/SolvePositionIKResponse.h)
Linked: (/home/airlab5/ben_ws/devel/.private/intera_core_msgs/include/intera_core_msgs/HomingCommand.h, /home/airlab5/ben_ws/devel/include/intera_core_msgs/HomingCommand.h)
Linked: (/home/airlab5/ben_ws/devel/.private/intera_core_msgs/include/intera_core_msgs/JointCommand.h, /home/airlab5/ben_ws/devel/include/intera_core_msgs/JointCommand.h)
Linked: (/home/airlab5/ben_ws/devel/.private/intera_core_msgs/include/intera_core_msgs/HomingState.h, /home/airlab5/ben_ws/devel/include/intera_core_msgs/HomingState.h)
Linked: (/home/airlab5/ben_ws/devel/.private/intera_core_msgs/include/intera_core_msgs/IONodeConfiguration.h, /home/airlab5/ben_ws/devel/include/intera_core_msgs/IONodeConfiguration.h)
Linked: (/home/airlab5/ben_ws/devel/.private/intera_core_msgs/include/intera_core_msgs/CalibrationCommandAction.h, /home/airlab5/ben_ws/devel/include/intera_core_msgs/CalibrationCommandAction.h)
Linked: (/home/airlab5/ben_ws/devel/.private/intera_core_msgs/include/intera_core_msgs/IODataStatus.h, /home/airlab5/ben_ws/devel/include/intera_core_msgs/IODataStatus.h)
Linked: (/home/airlab5/ben_ws/devel/.private/intera_core_msgs/include/intera_core_msgs/RobotAssemblyState.h, /home/airlab5/ben_ws/devel/include/intera_core_msgs/RobotAssemblyState.h)
Linked: (/home/airlab5/ben_ws/devel/.private/intera_core_msgs/include/intera_core_msgs/IODeviceConfiguration.h, /home/airlab5/ben_ws/devel/include/intera_core_msgs/IODeviceConfiguration.h)
Linked: (/home/airlab5/ben_ws/devel/.private/intera_core_msgs/include/intera_core_msgs/CameraSettings.h, /home/airlab5/ben_ws/devel/include/intera_core_msgs/CameraSettings.h)
Linked: (/home/airlab5/ben_ws/devel/.private/intera_core_msgs/include/intera_core_msgs/IOComponentCommandSrvRequest.h, /home/airlab5/ben_ws/devel/include/intera_core_msgs/IOComponentCommandSrvRequest.h)
Linked: (/home/airlab5/ben_ws/devel/.private/intera_core_msgs/include/intera_core_msgs/IONodeStatus.h, /home/airlab5/ben_ws/devel/include/intera_core_msgs/IONodeStatus.h)
Linked: (/home/airlab5/ben_ws/devel/.private/intera_core_msgs/include/intera_core_msgs/CalibrationCommandResult.h, /home/airlab5/ben_ws/devel/include/intera_core_msgs/CalibrationCommandResult.h)
Linked: (/home/airlab5/ben_ws/devel/.private/intera_core_msgs/include/intera_core_msgs/EndpointStates.h, /home/airlab5/ben_ws/devel/include/intera_core_msgs/EndpointStates.h)
Linked: (/home/airlab5/ben_ws/devel/.private/intera_core_msgs/include/intera_core_msgs/CalibrationCommandActionFeedback.h, /home/airlab5/ben_ws/devel/include/intera_core_msgs/CalibrationCommandActionFeedback.h)
Linked: (/home/airlab5/ben_ws/devel/.private/intera_core_msgs/include/intera_core_msgs/CalibrationCommandActionResult.h, /home/airlab5/ben_ws/devel/include/intera_core_msgs/CalibrationCommandActionResult.h)
Linked: (/home/airlab5/ben_ws/devel/.private/intera_core_msgs/include/intera_core_msgs/IODeviceStatus.h, /home/airlab5/ben_ws/devel/include/intera_core_msgs/IODeviceStatus.h)
Linked: (/home/airlab5/ben_ws/devel/.private/intera_core_msgs/include/intera_core_msgs/CollisionDetectionState.h, /home/airlab5/ben_ws/devel/include/intera_core_msgs/CollisionDetectionState.h)
Linked: (/home/airlab5/ben_ws/devel/.private/intera_core_msgs/include/intera_core_msgs/CalibrationCommandGoal.h, /home/airlab5/ben_ws/devel/include/intera_core_msgs/CalibrationCommandGoal.h)
Linked: (/home/airlab5/ben_ws/devel/.private/intera_core_msgs/include/intera_core_msgs/IOStatus.h, /home/airlab5/ben_ws/devel/include/intera_core_msgs/IOStatus.h)
Linked: (/home/airlab5/ben_ws/devel/.private/intera_core_msgs/include/intera_core_msgs/EndpointNamesArray.h, /home/airlab5/ben_ws/devel/include/intera_core_msgs/EndpointNamesArray.h)
Linked: (/home/airlab5/ben_ws/devel/.private/intera_core_msgs/include/intera_core_msgs/JointLimits.h, /home/airlab5/ben_ws/devel/include/intera_core_msgs/JointLimits.h)
Linked: (/home/airlab5/ben_ws/devel/.private/intera_core_msgs/include/intera_core_msgs/DigitalIOStates.h, /home/airlab5/ben_ws/devel/include/intera_core_msgs/DigitalIOStates.h)
Linked: (/home/airlab5/ben_ws/devel/.private/intera_core_msgs/include/intera_core_msgs/SEAJointState.h, /home/airlab5/ben_ws/devel/include/intera_core_msgs/SEAJointState.h)
Linked: (/home/airlab5/ben_ws/devel/.private/intera_core_msgs/include/intera_core_msgs/CalibrationCommandActionGoal.h, /home/airlab5/ben_ws/devel/include/intera_core_msgs/CalibrationCommandActionGoal.h)
Linked: (/home/airlab5/ben_ws/devel/.private/intera_core_msgs/include/intera_core_msgs/EndpointState.h, /home/airlab5/ben_ws/devel/include/intera_core_msgs/EndpointState.h)
Linked: (/home/airlab5/ben_ws/devel/.private/intera_core_msgs/include/intera_core_msgs/IOComponentStatus.h, /home/airlab5/ben_ws/devel/include/intera_core_msgs/IOComponentStatus.h)
Linked: (/home/airlab5/ben_ws/devel/.private/intera_core_msgs/include/intera_core_msgs/SolvePositionIK.h, /home/airlab5/ben_ws/devel/include/intera_core_msgs/SolvePositionIK.h)
Linked: (/home/airlab5/ben_ws/devel/.private/intera_core_msgs/include/intera_core_msgs/NavigatorState.h, /home/airlab5/ben_ws/devel/include/intera_core_msgs/NavigatorState.h)
Linked: (/home/airlab5/ben_ws/devel/.private/intera_core_msgs/include/intera_core_msgs/IOComponentConfiguration.h, /home/airlab5/ben_ws/devel/include/intera_core_msgs/IOComponentConfiguration.h)
Linked: (/home/airlab5/ben_ws/devel/.private/intera_core_msgs/include/intera_core_msgs/DigitalOutputCommand.h, /home/airlab5/ben_ws/devel/include/intera_core_msgs/DigitalOutputCommand.h)
Linked: (/home/airlab5/ben_ws/devel/.private/intera_core_msgs/include/intera_core_msgs/AnalogIOState.h, /home/airlab5/ben_ws/devel/include/intera_core_msgs/AnalogIOState.h)
Linked: (/home/airlab5/ben_ws/devel/.private/intera_core_msgs/include/intera_core_msgs/SolvePositionFKResponse.h, /home/airlab5/ben_ws/devel/include/intera_core_msgs/SolvePositionFKResponse.h)
Linked: (/home/airlab5/ben_ws/devel/.private/intera_core_msgs/include/intera_core_msgs/HeadState.h, /home/airlab5/ben_ws/devel/include/intera_core_msgs/HeadState.h)
Linked: (/home/airlab5/ben_ws/devel/.private/intera_core_msgs/include/intera_core_msgs/URDFConfiguration.h, /home/airlab5/ben_ws/devel/include/intera_core_msgs/URDFConfiguration.h)
Linked: (/home/airlab5/ben_ws/devel/.private/intera_core_msgs/include/intera_core_msgs/IOComponentCommandSrv.h, /home/airlab5/ben_ws/devel/include/intera_core_msgs/IOComponentCommandSrv.h)
Linked: (/home/airlab5/ben_ws/devel/.private/intera_core_msgs/include/intera_core_msgs/AnalogOutputCommand.h, /home/airlab5/ben_ws/devel/include/intera_core_msgs/AnalogOutputCommand.h)
Linked: (/home/airlab5/ben_ws/devel/.private/intera_core_msgs/include/intera_core_msgs/DigitalIOState.h, /home/airlab5/ben_ws/devel/include/intera_core_msgs/DigitalIOState.h)
Linked: (/home/airlab5/ben_ws/devel/.private/intera_core_msgs/include/intera_core_msgs/IOComponentCommandSrvResponse.h, /home/airlab5/ben_ws/devel/include/intera_core_msgs/IOComponentCommandSrvResponse.h)
Linked: (/home/airlab5/ben_ws/devel/.private/intera_core_msgs/include/intera_core_msgs/NavigatorStates.h, /home/airlab5/ben_ws/devel/include/intera_core_msgs/NavigatorStates.h)
Linked: (/home/airlab5/ben_ws/devel/.private/intera_core_msgs/include/intera_core_msgs/CameraControl.h, /home/airlab5/ben_ws/devel/include/intera_core_msgs/CameraControl.h)
Linked: (/home/airlab5/ben_ws/devel/.private/intera_core_msgs/include/intera_core_msgs/CalibrationCommandFeedback.h, /home/airlab5/ben_ws/devel/include/intera_core_msgs/CalibrationCommandFeedback.h)
Linked: (/home/airlab5/ben_ws/devel/.private/intera_core_msgs/include/intera_core_msgs/SolvePositionIKRequest.h, /home/airlab5/ben_ws/devel/include/intera_core_msgs/SolvePositionIKRequest.h)
Linked: (/home/airlab5/ben_ws/devel/.private/intera_core_msgs/include/intera_core_msgs/InteractionControlState.h, /home/airlab5/ben_ws/devel/include/intera_core_msgs/InteractionControlState.h)
Linked: (/home/airlab5/ben_ws/devel/.private/intera_core_msgs/include/intera_core_msgs/IOComponentCommand.h, /home/airlab5/ben_ws/devel/include/intera_core_msgs/IOComponentCommand.h)
Linked: (/home/airlab5/ben_ws/devel/.private/intera_core_msgs/include/intera_core_msgs/InteractionControlCommand.h, /home/airlab5/ben_ws/devel/include/intera_core_msgs/InteractionControlCommand.h)
Linked: (/home/airlab5/ben_ws/devel/.private/intera_core_msgs/include/intera_core_msgs/CollisionAvoidanceState.h, /home/airlab5/ben_ws/devel/include/intera_core_msgs/CollisionAvoidanceState.h)
Linked: (/home/airlab5/ben_ws/devel/.private/intera_core_msgs/include/intera_core_msgs/SolvePositionFKRequest.h, /home/airlab5/ben_ws/devel/include/intera_core_msgs/SolvePositionFKRequest.h)
Linked: (/home/airlab5/ben_ws/devel/.private/intera_core_msgs/include/intera_core_msgs/AnalogIOStates.h, /home/airlab5/ben_ws/devel/include/intera_core_msgs/AnalogIOStates.h)
Linked: (/home/airlab5/ben_ws/devel/.private/intera_core_msgs/include/intera_core_msgs/HeadPanCommand.h, /home/airlab5/ben_ws/devel/include/intera_core_msgs/HeadPanCommand.h)
Linked: (/home/airlab5/ben_ws/devel/.private/intera_core_msgs/lib/pkgconfig/intera_core_msgs.pc, /home/airlab5/ben_ws/devel/lib/pkgconfig/intera_core_msgs.pc)
Linked: (/home/airlab5/ben_ws/devel/.private/intera_core_msgs/lib/python3/dist-packages/intera_core_msgs/__init__.py, /home/airlab5/ben_ws/devel/lib/python3/dist-packages/intera_core_msgs/__init__.py)
Linked: (/home/airlab5/ben_ws/devel/.private/intera_core_msgs/lib/python3/dist-packages/intera_core_msgs/msg/_NavigatorStates.py, /home/airlab5/ben_ws/devel/lib/python3/dist-packages/intera_core_msgs/msg/_NavigatorStates.py)
Linked: (/home/airlab5/ben_ws/devel/.private/intera_core_msgs/lib/python3/dist-packages/intera_core_msgs/msg/_IONodeStatus.py, /home/airlab5/ben_ws/devel/lib/python3/dist-packages/intera_core_msgs/msg/_IONodeStatus.py)
Linked: (/home/airlab5/ben_ws/devel/.private/intera_core_msgs/lib/python3/dist-packages/intera_core_msgs/msg/_DigitalOutputCommand.py, /home/airlab5/ben_ws/devel/lib/python3/dist-packages/intera_core_msgs/msg/_DigitalOutputCommand.py)
Linked: (/home/airlab5/ben_ws/devel/.private/intera_core_msgs/lib/python3/dist-packages/intera_core_msgs/msg/_DigitalIOStates.py, /home/airlab5/ben_ws/devel/lib/python3/dist-packages/intera_core_msgs/msg/_DigitalIOStates.py)
Linked: (/home/airlab5/ben_ws/devel/.private/intera_core_msgs/lib/python3/dist-packages/intera_core_msgs/msg/_HeadState.py, /home/airlab5/ben_ws/devel/lib/python3/dist-packages/intera_core_msgs/msg/_HeadState.py)
Linked: (/home/airlab5/ben_ws/devel/.private/intera_core_msgs/lib/python3/dist-packages/intera_core_msgs/msg/_CalibrationCommandActionResult.py, /home/airlab5/ben_ws/devel/lib/python3/dist-packages/intera_core_msgs/msg/_CalibrationCommandActionResult.py)
Linked: (/home/airlab5/ben_ws/devel/.private/intera_core_msgs/lib/python3/dist-packages/intera_core_msgs/msg/_CalibrationCommandActionGoal.py, /home/airlab5/ben_ws/devel/lib/python3/dist-packages/intera_core_msgs/msg/_CalibrationCommandActionGoal.py)
Linked: (/home/airlab5/ben_ws/devel/.private/intera_core_msgs/lib/python3/dist-packages/intera_core_msgs/msg/_CalibrationCommandGoal.py, /home/airlab5/ben_ws/devel/lib/python3/dist-packages/intera_core_msgs/msg/_CalibrationCommandGoal.py)
Linked: (/home/airlab5/ben_ws/devel/.private/intera_core_msgs/lib/python3/dist-packages/intera_core_msgs/msg/_EndpointStates.py, /home/airlab5/ben_ws/devel/lib/python3/dist-packages/intera_core_msgs/msg/_EndpointStates.py)
Linked: (/home/airlab5/ben_ws/devel/.private/intera_core_msgs/lib/python3/dist-packages/intera_core_msgs/msg/_HeadPanCommand.py, /home/airlab5/ben_ws/devel/lib/python3/dist-packages/intera_core_msgs/msg/_HeadPanCommand.py)
Linked: (/home/airlab5/ben_ws/devel/.private/intera_core_msgs/lib/python3/dist-packages/intera_core_msgs/msg/_IODeviceConfiguration.py, /home/airlab5/ben_ws/devel/lib/python3/dist-packages/intera_core_msgs/msg/_IODeviceConfiguration.py)
Linked: (/home/airlab5/ben_ws/devel/.private/intera_core_msgs/lib/python3/dist-packages/intera_core_msgs/msg/_IOComponentStatus.py, /home/airlab5/ben_ws/devel/lib/python3/dist-packages/intera_core_msgs/msg/_IOComponentStatus.py)
Linked: (/home/airlab5/ben_ws/devel/.private/intera_core_msgs/lib/python3/dist-packages/intera_core_msgs/msg/_AnalogOutputCommand.py, /home/airlab5/ben_ws/devel/lib/python3/dist-packages/intera_core_msgs/msg/_AnalogOutputCommand.py)
Linked: (/home/airlab5/ben_ws/devel/.private/intera_core_msgs/lib/python3/dist-packages/intera_core_msgs/msg/_CalibrationCommandResult.py, /home/airlab5/ben_ws/devel/lib/python3/dist-packages/intera_core_msgs/msg/_CalibrationCommandResult.py)
Linked: (/home/airlab5/ben_ws/devel/.private/intera_core_msgs/lib/python3/dist-packages/intera_core_msgs/msg/_URDFConfiguration.py, /home/airlab5/ben_ws/devel/lib/python3/dist-packages/intera_core_msgs/msg/_URDFConfiguration.py)
Linked: (/home/airlab5/ben_ws/devel/.private/intera_core_msgs/lib/python3/dist-packages/intera_core_msgs/msg/_HomingCommand.py, /home/airlab5/ben_ws/devel/lib/python3/dist-packages/intera_core_msgs/msg/_HomingCommand.py)
Linked: (/home/airlab5/ben_ws/devel/.private/intera_core_msgs/lib/python3/dist-packages/intera_core_msgs/msg/_IOStatus.py, /home/airlab5/ben_ws/devel/lib/python3/dist-packages/intera_core_msgs/msg/_IOStatus.py)
Linked: (/home/airlab5/ben_ws/devel/.private/intera_core_msgs/lib/python3/dist-packages/intera_core_msgs/msg/_JointLimits.py, /home/airlab5/ben_ws/devel/lib/python3/dist-packages/intera_core_msgs/msg/_JointLimits.py)
Linked: (/home/airlab5/ben_ws/devel/.private/intera_core_msgs/lib/python3/dist-packages/intera_core_msgs/msg/_IODataStatus.py, /home/airlab5/ben_ws/devel/lib/python3/dist-packages/intera_core_msgs/msg/_IODataStatus.py)
Linked: (/home/airlab5/ben_ws/devel/.private/intera_core_msgs/lib/python3/dist-packages/intera_core_msgs/msg/_CalibrationCommandAction.py, /home/airlab5/ben_ws/devel/lib/python3/dist-packages/intera_core_msgs/msg/_CalibrationCommandAction.py)
Linked: (/home/airlab5/ben_ws/devel/.private/intera_core_msgs/lib/python3/dist-packages/intera_core_msgs/msg/_JointCommand.py, /home/airlab5/ben_ws/devel/lib/python3/dist-packages/intera_core_msgs/msg/_JointCommand.py)
Linked: (/home/airlab5/ben_ws/devel/.private/intera_core_msgs/lib/python3/dist-packages/intera_core_msgs/msg/_InteractionControlState.py, /home/airlab5/ben_ws/devel/lib/python3/dist-packages/intera_core_msgs/msg/_InteractionControlState.py)
Linked: (/home/airlab5/ben_ws/devel/.private/intera_core_msgs/lib/python3/dist-packages/intera_core_msgs/msg/_CollisionAvoidanceState.py, /home/airlab5/ben_ws/devel/lib/python3/dist-packages/intera_core_msgs/msg/_CollisionAvoidanceState.py)
Linked: (/home/airlab5/ben_ws/devel/.private/intera_core_msgs/lib/python3/dist-packages/intera_core_msgs/msg/_DigitalIOState.py, /home/airlab5/ben_ws/devel/lib/python3/dist-packages/intera_core_msgs/msg/_DigitalIOState.py)
Linked: (/home/airlab5/ben_ws/devel/.private/intera_core_msgs/lib/python3/dist-packages/intera_core_msgs/msg/_EndpointNamesArray.py, /home/airlab5/ben_ws/devel/lib/python3/dist-packages/intera_core_msgs/msg/_EndpointNamesArray.py)
Linked: (/home/airlab5/ben_ws/devel/.private/intera_core_msgs/lib/python3/dist-packages/intera_core_msgs/msg/_AnalogIOState.py, /home/airlab5/ben_ws/devel/lib/python3/dist-packages/intera_core_msgs/msg/_AnalogIOState.py)
Linked: (/home/airlab5/ben_ws/devel/.private/intera_core_msgs/lib/python3/dist-packages/intera_core_msgs/msg/_RobotAssemblyState.py, /home/airlab5/ben_ws/devel/lib/python3/dist-packages/intera_core_msgs/msg/_RobotAssemblyState.py)
Linked: (/home/airlab5/ben_ws/devel/.private/intera_core_msgs/lib/python3/dist-packages/intera_core_msgs/msg/_NavigatorState.py, /home/airlab5/ben_ws/devel/lib/python3/dist-packages/intera_core_msgs/msg/_NavigatorState.py)
Linked: (/home/airlab5/ben_ws/devel/.private/intera_core_msgs/lib/python3/dist-packages/intera_core_msgs/msg/_IOComponentCommand.py, /home/airlab5/ben_ws/devel/lib/python3/dist-packages/intera_core_msgs/msg/_IOComponentCommand.py)
Linked: (/home/airlab5/ben_ws/devel/.private/intera_core_msgs/lib/python3/dist-packages/intera_core_msgs/msg/_EndpointState.py, /home/airlab5/ben_ws/devel/lib/python3/dist-packages/intera_core_msgs/msg/_EndpointState.py)
Linked: (/home/airlab5/ben_ws/devel/.private/intera_core_msgs/lib/python3/dist-packages/intera_core_msgs/msg/__init__.py, /home/airlab5/ben_ws/devel/lib/python3/dist-packages/intera_core_msgs/msg/__init__.py)
Linked: (/home/airlab5/ben_ws/devel/.private/intera_core_msgs/lib/python3/dist-packages/intera_core_msgs/msg/_InteractionControlCommand.py, /home/airlab5/ben_ws/devel/lib/python3/dist-packages/intera_core_msgs/msg/_InteractionControlCommand.py)
Linked: (/home/airlab5/ben_ws/devel/.private/intera_core_msgs/lib/python3/dist-packages/intera_core_msgs/msg/_CameraSettings.py, /home/airlab5/ben_ws/devel/lib/python3/dist-packages/intera_core_msgs/msg/_CameraSettings.py)
Linked: (/home/airlab5/ben_ws/devel/.private/intera_core_msgs/lib/python3/dist-packages/intera_core_msgs/msg/_IONodeConfiguration.py, /home/airlab5/ben_ws/devel/lib/python3/dist-packages/intera_core_msgs/msg/_IONodeConfiguration.py)
Linked: (/home/airlab5/ben_ws/devel/.private/intera_core_msgs/lib/python3/dist-packages/intera_core_msgs/msg/_CollisionDetectionState.py, /home/airlab5/ben_ws/devel/lib/python3/dist-packages/intera_core_msgs/msg/_CollisionDetectionState.py)
Linked: (/home/airlab5/ben_ws/devel/.private/intera_core_msgs/lib/python3/dist-packages/intera_core_msgs/msg/_CameraControl.py, /home/airlab5/ben_ws/devel/lib/python3/dist-packages/intera_core_msgs/msg/_CameraControl.py)
Linked: (/home/airlab5/ben_ws/devel/.private/intera_core_msgs/lib/python3/dist-packages/intera_core_msgs/msg/_IOComponentConfiguration.py, /home/airlab5/ben_ws/devel/lib/python3/dist-packages/intera_core_msgs/msg/_IOComponentConfiguration.py)
Linked: (/home/airlab5/ben_ws/devel/.private/intera_core_msgs/lib/python3/dist-packages/intera_core_msgs/msg/_HomingState.py, /home/airlab5/ben_ws/devel/lib/python3/dist-packages/intera_core_msgs/msg/_HomingState.py)
Linked: (/home/airlab5/ben_ws/devel/.private/intera_core_msgs/lib/python3/dist-packages/intera_core_msgs/msg/_CalibrationCommandFeedback.py, /home/airlab5/ben_ws/devel/lib/python3/dist-packages/intera_core_msgs/msg/_CalibrationCommandFeedback.py)
Linked: (/home/airlab5/ben_ws/devel/.private/intera_core_msgs/lib/python3/dist-packages/intera_core_msgs/msg/_AnalogIOStates.py, /home/airlab5/ben_ws/devel/lib/python3/dist-packages/intera_core_msgs/msg/_AnalogIOStates.py)
Linked: (/home/airlab5/ben_ws/devel/.private/intera_core_msgs/lib/python3/dist-packages/intera_core_msgs/msg/_IODeviceStatus.py, /home/airlab5/ben_ws/devel/lib/python3/dist-packages/intera_core_msgs/msg/_IODeviceStatus.py)
Linked: (/home/airlab5/ben_ws/devel/.private/intera_core_msgs/lib/python3/dist-packages/intera_core_msgs/msg/_CalibrationCommandActionFeedback.py, /home/airlab5/ben_ws/devel/lib/python3/dist-packages/intera_core_msgs/msg/_CalibrationCommandActionFeedback.py)
Linked: (/home/airlab5/ben_ws/devel/.private/intera_core_msgs/lib/python3/dist-packages/intera_core_msgs/msg/_SEAJointState.py, /home/airlab5/ben_ws/devel/lib/python3/dist-packages/intera_core_msgs/msg/_SEAJointState.py)
Linked: (/home/airlab5/ben_ws/devel/.private/intera_core_msgs/lib/python3/dist-packages/intera_core_msgs/srv/_SolvePositionFK.py, /home/airlab5/ben_ws/devel/lib/python3/dist-packages/intera_core_msgs/srv/_SolvePositionFK.py)
Linked: (/home/airlab5/ben_ws/devel/.private/intera_core_msgs/lib/python3/dist-packages/intera_core_msgs/srv/_SolvePositionIK.py, /home/airlab5/ben_ws/devel/lib/python3/dist-packages/intera_core_msgs/srv/_SolvePositionIK.py)
Linked: (/home/airlab5/ben_ws/devel/.private/intera_core_msgs/lib/python3/dist-packages/intera_core_msgs/srv/__init__.py, /home/airlab5/ben_ws/devel/lib/python3/dist-packages/intera_core_msgs/srv/__init__.py)
Linked: (/home/airlab5/ben_ws/devel/.private/intera_core_msgs/lib/python3/dist-packages/intera_core_msgs/srv/_IOComponentCommandSrv.py, /home/airlab5/ben_ws/devel/lib/python3/dist-packages/intera_core_msgs/srv/_IOComponentCommandSrv.py)
