[  0%] Built target _intera_core_msgs_generate_messages_check_deps_NavigatorState
[  0%] Built target _intera_core_msgs_generate_messages_check_deps_CalibrationCommandActionGoal
[  0%] Built target _intera_core_msgs_generate_messages_check_deps_AnalogIOState
[  0%] Built target _intera_core_msgs_generate_messages_check_deps_URDFConfiguration
[  0%] Built target _intera_core_msgs_generate_messages_check_deps_CalibrationCommandAction
[  0%] Built target _intera_core_msgs_generate_messages_check_deps_NavigatorStates
[  0%] Built target _intera_core_msgs_generate_messages_check_deps_AnalogIOStates
[  0%] Built target sensor_msgs_generate_messages_py
[  0%] Built target _intera_core_msgs_generate_messages_check_deps_SolvePositionFK
[  0%] Built target _intera_core_msgs_generate_messages_check_deps_SolvePositionIK
[  0%] Built target _intera_core_msgs_generate_messages_check_deps_CalibrationCommandFeedback
[  0%] Built target _intera_core_msgs_generate_messages_check_deps_CalibrationCommandGoal
[  0%] Built target _intera_core_msgs_generate_messages_check_deps_CalibrationCommandActionResult
[  0%] Built target _intera_core_msgs_generate_messages_check_deps_CalibrationCommandActionFeedback
[  0%] Built target _intera_core_msgs_generate_messages_check_deps_IOComponentCommandSrv
[  0%] Built target actionlib_msgs_generate_messages_py
[  0%] Built target _intera_core_msgs_generate_messages_check_deps_DigitalIOStates
[  0%] Built target _intera_core_msgs_generate_messages_check_deps_InteractionControlCommand
[  0%] Built target _intera_core_msgs_generate_messages_check_deps_EndpointStates
[  0%] Built target _intera_core_msgs_generate_messages_check_deps_CollisionAvoidanceState
[  0%] Built target _intera_core_msgs_generate_messages_check_deps_HomingState
[  0%] Built target _intera_core_msgs_generate_messages_check_deps_AnalogOutputCommand
[  0%] Built target std_msgs_generate_messages_py
[  0%] Built target _intera_core_msgs_generate_messages_check_deps_IONodeStatus
[  0%] Built target _intera_core_msgs_generate_messages_check_deps_RobotAssemblyState
[  0%] Built target _intera_core_msgs_generate_messages_check_deps_IOComponentCommand
[  0%] Built target _intera_core_msgs_generate_messages_check_deps_IOComponentStatus
[  0%] Built target _intera_core_msgs_generate_messages_check_deps_EndpointState
[  0%] Built target _intera_core_msgs_generate_messages_check_deps_CameraControl
[  0%] Built target _intera_core_msgs_generate_messages_check_deps_CameraSettings
[  0%] Built target _intera_core_msgs_generate_messages_check_deps_SEAJointState
[  0%] Built target geometry_msgs_generate_messages_py
[  0%] Built target _intera_core_msgs_generate_messages_check_deps_DigitalOutputCommand
[  0%] Built target _intera_core_msgs_generate_messages_check_deps_IODataStatus
[  0%] Built target _intera_core_msgs_generate_messages_check_deps_HeadPanCommand
[  0%] Built target _intera_core_msgs_generate_messages_check_deps_EndpointNamesArray
[  0%] Built target _intera_core_msgs_generate_messages_check_deps_CollisionDetectionState
[  0%] Built target _intera_core_msgs_generate_messages_check_deps_DigitalIOState
[  0%] Built target _intera_core_msgs_generate_messages_check_deps_HeadState
[  0%] Built target _intera_core_msgs_generate_messages_check_deps_IODeviceConfiguration
[  0%] Built target _intera_core_msgs_generate_messages_check_deps_InteractionControlState
[  0%] Built target geometry_msgs_generate_messages_cpp
[  0%] Built target _intera_core_msgs_generate_messages_check_deps_IODeviceStatus
[  0%] Built target _intera_core_msgs_generate_messages_check_deps_IOStatus
[  0%] Built target _intera_core_msgs_generate_messages_check_deps_IONodeConfiguration
[  0%] Built target _intera_core_msgs_generate_messages_check_deps_CalibrationCommandResult
[  0%] Built target _intera_core_msgs_generate_messages_check_deps_JointCommand
[  0%] Built target _intera_core_msgs_generate_messages_check_deps_JointLimits
[  0%] Built target std_msgs_generate_messages_lisp
[  0%] Built target actionlib_msgs_generate_messages_cpp
[  0%] Built target actionlib_msgs_generate_messages_lisp
[  0%] Built target _intera_core_msgs_generate_messages_check_deps_HomingCommand
[  0%] Built target sensor_msgs_generate_messages_cpp
[  0%] Built target _intera_core_msgs_generate_messages_check_deps_IOComponentConfiguration
[  0%] Built target std_msgs_generate_messages_cpp
[  0%] Built target geometry_msgs_generate_messages_lisp
[  0%] Built target sensor_msgs_generate_messages_lisp
[  0%] Built target actionlib_msgs_generate_messages_eus
[  0%] Built target geometry_msgs_generate_messages_eus
[  0%] Built target geometry_msgs_generate_messages_nodejs
[  0%] Built target sensor_msgs_generate_messages_eus
[  0%] Built target std_msgs_generate_messages_eus
[  0%] Built target std_msgs_generate_messages_nodejs
[  0%] Built target sensor_msgs_generate_messages_nodejs
[  0%] Built target actionlib_msgs_generate_messages_nodejs
[ 20%] Built target intera_core_msgs_generate_messages_py
[ 41%] Built target intera_core_msgs_generate_messages_lisp
[ 60%] Built target intera_core_msgs_generate_messages_cpp
[ 80%] Built target intera_core_msgs_generate_messages_eus
[100%] Built target intera_core_msgs_generate_messages_nodejs
[100%] Built target intera_core_msgs_generate_messages
