Linked: (/home/airlab5/ben_ws/devel/.private/intera_interface/share/intera_interface/docs/SawyerVelocityJointTrajectoryActionServerConfig-usage.dox, /home/airlab5/ben_ws/devel/share/intera_interface/docs/SawyerVelocityJointTrajectoryActionServerConfig-usage.dox)
Linked: (/home/airlab5/ben_ws/devel/.private/intera_interface/share/intera_interface/docs/SawyerVelocityJointTrajectoryActionServerConfig.wikidoc, /home/airlab5/ben_ws/devel/share/intera_interface/docs/SawyerVelocityJointTrajectoryActionServerConfig.wikidoc)
Linked: (/home/airlab5/ben_ws/devel/.private/intera_interface/share/intera_interface/docs/SawyerPositionFFJointTrajectoryActionServerConfig-usage.dox, /home/airlab5/ben_ws/devel/share/intera_interface/docs/SawyerPositionFFJointTrajectoryActionServerConfig-usage.dox)
Linked: (/home/airlab5/ben_ws/devel/.private/intera_interface/share/intera_interface/docs/SawyerPositionJointTrajectoryActionServerConfig-usage.dox, /home/airlab5/ben_ws/devel/share/intera_interface/docs/SawyerPositionJointTrajectoryActionServerConfig-usage.dox)
Linked: (/home/airlab5/ben_ws/devel/.private/intera_interface/share/intera_interface/docs/SawyerPositionJointTrajectoryActionServerConfig.dox, /home/airlab5/ben_ws/devel/share/intera_interface/docs/SawyerPositionJointTrajectoryActionServerConfig.dox)
Linked: (/home/airlab5/ben_ws/devel/.private/intera_interface/share/intera_interface/docs/SawyerPositionJointTrajectoryActionServerConfig.wikidoc, /home/airlab5/ben_ws/devel/share/intera_interface/docs/SawyerPositionJointTrajectoryActionServerConfig.wikidoc)
Linked: (/home/airlab5/ben_ws/devel/.private/intera_interface/share/intera_interface/docs/SawyerVelocityJointTrajectoryActionServerConfig.dox, /home/airlab5/ben_ws/devel/share/intera_interface/docs/SawyerVelocityJointTrajectoryActionServerConfig.dox)
Linked: (/home/airlab5/ben_ws/devel/.private/intera_interface/share/intera_interface/docs/SawyerPositionFFJointTrajectoryActionServerConfig.dox, /home/airlab5/ben_ws/devel/share/intera_interface/docs/SawyerPositionFFJointTrajectoryActionServerConfig.dox)
Linked: (/home/airlab5/ben_ws/devel/.private/intera_interface/share/intera_interface/docs/SawyerPositionFFJointTrajectoryActionServerConfig.wikidoc, /home/airlab5/ben_ws/devel/share/intera_interface/docs/SawyerPositionFFJointTrajectoryActionServerConfig.wikidoc)
Linked: (/home/airlab5/ben_ws/devel/.private/intera_interface/share/intera_interface/cmake/intera_interfaceConfig.cmake, /home/airlab5/ben_ws/devel/share/intera_interface/cmake/intera_interfaceConfig.cmake)
Linked: (/home/airlab5/ben_ws/devel/.private/intera_interface/share/intera_interface/cmake/intera_interfaceConfig-version.cmake, /home/airlab5/ben_ws/devel/share/intera_interface/cmake/intera_interfaceConfig-version.cmake)
Linked: (/home/airlab5/ben_ws/devel/.private/intera_interface/include/intera_interface/SawyerPositionFFJointTrajectoryActionServerConfig.h, /home/airlab5/ben_ws/devel/include/intera_interface/SawyerPositionFFJointTrajectoryActionServerConfig.h)
Linked: (/home/airlab5/ben_ws/devel/.private/intera_interface/include/intera_interface/SawyerVelocityJointTrajectoryActionServerConfig.h, /home/airlab5/ben_ws/devel/include/intera_interface/SawyerVelocityJointTrajectoryActionServerConfig.h)
Linked: (/home/airlab5/ben_ws/devel/.private/intera_interface/include/intera_interface/SawyerPositionJointTrajectoryActionServerConfig.h, /home/airlab5/ben_ws/devel/include/intera_interface/SawyerPositionJointTrajectoryActionServerConfig.h)
Linked: (/home/airlab5/ben_ws/devel/.private/intera_interface/lib/pkgconfig/intera_interface.pc, /home/airlab5/ben_ws/devel/lib/pkgconfig/intera_interface.pc)
Linked: (/home/airlab5/ben_ws/devel/.private/intera_interface/lib/intera_interface/send_urdf_fragment.py, /home/airlab5/ben_ws/devel/lib/intera_interface/send_urdf_fragment.py)
Linked: (/home/airlab5/ben_ws/devel/.private/intera_interface/lib/intera_interface/cmake.lock, /home/airlab5/ben_ws/devel/lib/intera_interface/cmake.lock)
Linked: (/home/airlab5/ben_ws/devel/.private/intera_interface/lib/intera_interface/io_config_editor.py, /home/airlab5/ben_ws/devel/lib/intera_interface/io_config_editor.py)
Linked: (/home/airlab5/ben_ws/devel/.private/intera_interface/lib/intera_interface/enable_robot.py, /home/airlab5/ben_ws/devel/lib/intera_interface/enable_robot.py)
Linked: (/home/airlab5/ben_ws/devel/.private/intera_interface/lib/intera_interface/home_joints.py, /home/airlab5/ben_ws/devel/lib/intera_interface/home_joints.py)
Linked: (/home/airlab5/ben_ws/devel/.private/intera_interface/lib/intera_interface/calibrate_arm.py, /home/airlab5/ben_ws/devel/lib/intera_interface/calibrate_arm.py)
Linked: (/home/airlab5/ben_ws/devel/.private/intera_interface/lib/intera_interface/joint_trajectory_action_server.py, /home/airlab5/ben_ws/devel/lib/intera_interface/joint_trajectory_action_server.py)
Linked: (/home/airlab5/ben_ws/devel/.private/intera_interface/lib/python3/dist-packages/intera_io/__init__.py, /home/airlab5/ben_ws/devel/lib/python3/dist-packages/intera_io/__init__.py)
Linked: (/home/airlab5/ben_ws/devel/.private/intera_interface/lib/python3/dist-packages/intera_joint_trajectory_action/__init__.py, /home/airlab5/ben_ws/devel/lib/python3/dist-packages/intera_joint_trajectory_action/__init__.py)
Linked: (/home/airlab5/ben_ws/devel/.private/intera_interface/lib/python3/dist-packages/intera_interface/__init__.py, /home/airlab5/ben_ws/devel/lib/python3/dist-packages/intera_interface/__init__.py)
Linked: (/home/airlab5/ben_ws/devel/.private/intera_interface/lib/python3/dist-packages/intera_interface/cfg/SawyerPositionFFJointTrajectoryActionServerConfig.py, /home/airlab5/ben_ws/devel/lib/python3/dist-packages/intera_interface/cfg/SawyerPositionFFJointTrajectoryActionServerConfig.py)
Linked: (/home/airlab5/ben_ws/devel/.private/intera_interface/lib/python3/dist-packages/intera_interface/cfg/SawyerVelocityJointTrajectoryActionServerConfig.py, /home/airlab5/ben_ws/devel/lib/python3/dist-packages/intera_interface/cfg/SawyerVelocityJointTrajectoryActionServerConfig.py)
Linked: (/home/airlab5/ben_ws/devel/.private/intera_interface/lib/python3/dist-packages/intera_interface/cfg/__init__.py, /home/airlab5/ben_ws/devel/lib/python3/dist-packages/intera_interface/cfg/__init__.py)
Linked: (/home/airlab5/ben_ws/devel/.private/intera_interface/lib/python3/dist-packages/intera_interface/cfg/SawyerPositionJointTrajectoryActionServerConfig.py, /home/airlab5/ben_ws/devel/lib/python3/dist-packages/intera_interface/cfg/SawyerPositionJointTrajectoryActionServerConfig.py)
Linked: (/home/airlab5/ben_ws/devel/.private/intera_interface/lib/python3/dist-packages/intera_motion_interface/__init__.py, /home/airlab5/ben_ws/devel/lib/python3/dist-packages/intera_motion_interface/__init__.py)
Linked: (/home/airlab5/ben_ws/devel/.private/intera_interface/lib/python3/dist-packages/intera_control/__init__.py, /home/airlab5/ben_ws/devel/lib/python3/dist-packages/intera_control/__init__.py)
Linked: (/home/airlab5/ben_ws/devel/.private/intera_interface/lib/python3/dist-packages/intera_dataflow/__init__.py, /home/airlab5/ben_ws/devel/lib/python3/dist-packages/intera_dataflow/__init__.py)
