[  0%] Built target dynamic_reconfigure_generate_messages_eus
[  0%] Built target intera_core_msgs_generate_messages_lisp
[  0%] Built target control_msgs_generate_messages_cpp
[  0%] Built target intera_core_msgs_generate_messages_eus
[  0%] Built target intera_core_msgs_generate_messages_cpp
[  0%] Built target control_msgs_generate_messages_py
[  0%] Built target control_toolbox_generate_messages_lisp
[  0%] Built target control_toolbox_gencfg
[  0%] Built target trajectory_msgs_generate_messages_nodejs
[  0%] Built target control_toolbox_generate_messages_eus
[  0%] Built target trajectory_msgs_generate_messages_lisp
[  0%] Built target controller_manager_msgs_generate_messages_nodejs
[  0%] Built target controller_manager_msgs_generate_messages_cpp
[ 12%] [32m[1mLinking CXX shared library /home/airlab5/ben_ws/devel/.private/sawyer_gazebo/lib/libsawyer_robot_hw_sim.so[0m
[ 12%] Built target controller_manager_msgs_generate_messages_eus
[ 12%] Built target control_toolbox_generate_messages_py
[ 12%] Built target dynamic_reconfigure_gencfg
[ 12%] Built target trajectory_msgs_generate_messages_cpp
[ 12%] Built target gazebo_msgs_generate_messages_py
[ 12%] Built target gazebo_msgs_generate_messages_cpp
[ 12%] Built target gazebo_msgs_generate_messages_nodejs
[ 12%] Built target geometry_msgs_generate_messages_eus
[ 12%] Built target std_msgs_generate_messages_nodejs
[ 12%] Built target std_msgs_generate_messages_cpp
[ 12%] Built target rosgraph_msgs_generate_messages_nodejs
[ 12%] Built target sensor_msgs_generate_messages_cpp
[ 12%] Built target std_msgs_generate_messages_py
[ 12%] Built target actionlib_generate_messages_cpp
[ 12%] Built target actionlib_msgs_generate_messages_py
[ 12%] Built target controller_manager_msgs_generate_messages_lisp
[ 12%] Built target control_toolbox_generate_messages_nodejs
[ 12%] Built target roscpp_generate_messages_lisp
[ 12%] Built target actionlib_generate_messages_lisp
[ 12%] Built target std_msgs_generate_messages_lisp
[ 12%] Built target std_srvs_generate_messages_cpp
[ 12%] Built target tf_generate_messages_eus
[ 12%] Built target rosgraph_msgs_generate_messages_lisp
[ 12%] Built target std_srvs_generate_messages_nodejs
[ 12%] Built target control_msgs_generate_messages_nodejs
[ 12%] Built target dynamic_reconfigure_generate_messages_py
[ 12%] Built target actionlib_msgs_generate_messages_eus
[ 12%] Built target intera_core_msgs_generate_messages_nodejs
[ 12%] Built target rosgraph_msgs_generate_messages_py
[ 12%] Built target roscpp_generate_messages_cpp
[ 12%] Built target control_toolbox_generate_messages_cpp
[ 12%] Built target roscpp_generate_messages_py
[ 12%] Built target trajectory_msgs_generate_messages_eus
[ 12%] Built target sensor_msgs_generate_messages_nodejs
[ 12%] Built target control_msgs_generate_messages_lisp
[ 12%] Built target sensor_msgs_generate_messages_lisp
[ 12%] Built target sensor_msgs_generate_messages_eus
[ 12%] Built target roscpp_generate_messages_eus
[ 12%] Built target geometry_msgs_generate_messages_cpp
[ 12%] Built target gazebo_msgs_generate_messages_lisp
[ 12%] Built target dynamic_reconfigure_generate_messages_nodejs
[ 12%] Built target tf2_msgs_generate_messages_py
[ 12%] Built target tf2_msgs_generate_messages_eus
[ 12%] Built target sensor_msgs_generate_messages_py
[ 12%] Built target geometry_msgs_generate_messages_lisp
[ 12%] Built target control_msgs_generate_messages_eus
[ 12%] Built target tf_generate_messages_cpp
[ 12%] Built target intera_core_msgs_generate_messages_py
[ 12%] Built target roscpp_generate_messages_nodejs
[ 12%] Built target std_srvs_generate_messages_py
[ 12%] Built target rosgraph_msgs_generate_messages_eus
[ 12%] Built target geometry_msgs_generate_messages_py
[ 12%] Built target std_srvs_generate_messages_eus
[ 12%] Built target gazebo_ros_gencfg
[ 12%] Built target tf2_msgs_generate_messages_cpp
[ 12%] Built target std_srvs_generate_messages_lisp
[ 12%] Built target dynamic_reconfigure_generate_messages_lisp
[ 12%] Built target tf_generate_messages_lisp
[ 12%] Built target trajectory_msgs_generate_messages_py
[ 12%] Built target dynamic_reconfigure_generate_messages_cpp
[ 12%] Built target tf_generate_messages_nodejs
[ 12%] Built target rosgraph_msgs_generate_messages_cpp
[ 12%] Built target controller_manager_msgs_generate_messages_py
[ 12%] Built target actionlib_msgs_generate_messages_cpp
[ 12%] Built target actionlib_generate_messages_eus
[ 12%] Built target actionlib_generate_messages_py
[ 12%] Built target actionlib_generate_messages_nodejs
[ 12%] Built target std_msgs_generate_messages_eus
[ 12%] Built target tf_generate_messages_py
[ 12%] Built target actionlib_msgs_generate_messages_lisp
[ 12%] Built target actionlib_msgs_generate_messages_nodejs
[ 12%] Built target tf2_msgs_generate_messages_lisp
[ 12%] Built target gazebo_msgs_generate_messages_eus
[ 12%] Built target geometry_msgs_generate_messages_nodejs
[ 12%] Built target tf2_msgs_generate_messages_nodejs
[ 25%] [32m[1mLinking CXX shared library /home/airlab5/ben_ws/devel/.private/sawyer_gazebo/lib/libsawyer_gazebo_ros_control.so[0m
[ 37%] Built target sawyer_robot_hw_sim
[100%] Built target sawyer_gazebo_ros_control
