[  0%] Built target dynamic_reconfigure_generate_messages_eus
[  0%] Built target intera_core_msgs_generate_messages_cpp
[  0%] Built target intera_core_msgs_generate_messages_lisp
[  0%] Built target intera_core_msgs_generate_messages_eus
[  0%] Built target control_msgs_generate_messages_cpp
[ 25%] Built target sawyer_robot_hw_sim
[ 25%] Built target control_msgs_generate_messages_py
[ 25%] Built target control_toolbox_generate_messages_eus
[ 25%] Built target control_toolbox_generate_messages_lisp
[ 25%] Built target control_toolbox_gencfg
[ 25%] Built target controller_manager_msgs_generate_messages_eus
[ 25%] Built target controller_manager_msgs_generate_messages_nodejs
[ 25%] Built target trajectory_msgs_generate_messages_lisp
[ 25%] Built target control_toolbox_generate_messages_py
[ 25%] Built target trajectory_msgs_generate_messages_cpp
[ 25%] Built target trajectory_msgs_generate_messages_nodejs
[ 25%] Built target controller_manager_msgs_generate_messages_cpp
[ 25%] Built target gazebo_msgs_generate_messages_py
[ 25%] Built target gazebo_msgs_generate_messages_nodejs
[ 25%] Built target gazebo_msgs_generate_messages_cpp
[ 25%] Built target std_msgs_generate_messages_nodejs
[ 25%] Built target geometry_msgs_generate_messages_eus
[ 25%] Built target dynamic_reconfigure_gencfg
[ 25%] Built target std_msgs_generate_messages_py
[ 25%] Built target std_msgs_generate_messages_cpp
[ 25%] Built target rosgraph_msgs_generate_messages_nodejs
[ 25%] Built target sensor_msgs_generate_messages_cpp
[ 25%] Built target actionlib_msgs_generate_messages_py
[ 25%] Built target actionlib_generate_messages_cpp
[ 25%] Built target control_toolbox_generate_messages_nodejs
[ 25%] Built target roscpp_generate_messages_lisp
[ 25%] Built target actionlib_generate_messages_lisp
[ 25%] Built target controller_manager_msgs_generate_messages_lisp
[ 25%] Built target std_msgs_generate_messages_lisp
[ 25%] Built target std_srvs_generate_messages_nodejs
[ 25%] Built target tf_generate_messages_eus
[ 25%] Built target std_srvs_generate_messages_cpp
[ 25%] Built target rosgraph_msgs_generate_messages_lisp
[ 25%] Built target control_msgs_generate_messages_nodejs
[ 25%] Built target dynamic_reconfigure_generate_messages_py
[ 25%] Built target rosgraph_msgs_generate_messages_py
[ 25%] Built target actionlib_msgs_generate_messages_eus
[ 25%] Built target roscpp_generate_messages_cpp
[ 25%] Built target intera_core_msgs_generate_messages_nodejs
[ 25%] Built target trajectory_msgs_generate_messages_eus
[ 25%] Built target roscpp_generate_messages_py
[ 25%] Built target control_toolbox_generate_messages_cpp
[ 25%] Built target sensor_msgs_generate_messages_nodejs
[ 25%] Built target sensor_msgs_generate_messages_eus
[ 25%] Built target geometry_msgs_generate_messages_cpp
[ 25%] Built target gazebo_msgs_generate_messages_lisp
[ 25%] Built target control_msgs_generate_messages_lisp
[ 25%] Built target roscpp_generate_messages_eus
[ 25%] Built target dynamic_reconfigure_generate_messages_nodejs
[ 25%] Built target sensor_msgs_generate_messages_lisp
[ 25%] Built target tf2_msgs_generate_messages_py
[ 25%] Built target tf2_msgs_generate_messages_eus
[ 25%] Built target sensor_msgs_generate_messages_py
[ 25%] Built target control_msgs_generate_messages_eus
[ 25%] Built target intera_core_msgs_generate_messages_py
[ 25%] Built target geometry_msgs_generate_messages_lisp
[ 25%] Built target tf_generate_messages_cpp
[ 25%] Built target gazebo_ros_gencfg
[ 25%] Built target geometry_msgs_generate_messages_py
[ 25%] Built target rosgraph_msgs_generate_messages_eus
[ 25%] Built target std_srvs_generate_messages_py
[ 25%] Built target std_srvs_generate_messages_eus
[ 25%] Built target roscpp_generate_messages_nodejs
[ 25%] Built target std_srvs_generate_messages_lisp
[ 25%] Built target tf_generate_messages_lisp
[ 25%] Built target dynamic_reconfigure_generate_messages_lisp
[ 25%] Built target tf2_msgs_generate_messages_cpp
[ 25%] Built target tf_generate_messages_nodejs
[ 25%] Built target dynamic_reconfigure_generate_messages_cpp
[ 25%] Built target actionlib_generate_messages_eus
[ 25%] Built target trajectory_msgs_generate_messages_py
[ 25%] Built target controller_manager_msgs_generate_messages_py
[ 25%] Built target rosgraph_msgs_generate_messages_cpp
[ 25%] Built target actionlib_msgs_generate_messages_cpp
[ 25%] Built target std_msgs_generate_messages_eus
[ 25%] Built target actionlib_generate_messages_nodejs
[ 25%] Built target tf_generate_messages_py
[ 25%] Built target actionlib_msgs_generate_messages_nodejs
[ 25%] Built target tf2_msgs_generate_messages_nodejs
[ 25%] Built target actionlib_generate_messages_py
[ 25%] Built target geometry_msgs_generate_messages_nodejs
[ 25%] Built target tf2_msgs_generate_messages_lisp
[ 25%] Built target gazebo_msgs_generate_messages_eus
[ 25%] Built target actionlib_msgs_generate_messages_lisp
[100%] Built target sawyer_gazebo_ros_control
